"../../../Engine/Content/EngineMaterials/T_Default_Material_Grid_N.uasset" 0
"../../../Engine/Content/EngineMaterials/T_Default_Material_Grid_N.uexp" 1
"../../../Engine/Content/EngineMaterials/T_Default_Material_Grid_N.ubulk" 2
"../../../Engine/Content/EngineMaterials/T_Default_Material_Grid_M.uasset" 3
"../../../Engine/Content/EngineMaterials/T_Default_Material_Grid_M.uexp" 4
"../../../Engine/Content/EngineMaterials/T_Default_Material_Grid_M.ubulk" 5
"../../../Engine/Content/Functions/Engine_MaterialFunctions01/Opacity/CameraDepthFade.uasset" 6
"../../../Engine/Content/Functions/Engine_MaterialFunctions01/Opacity/CameraDepthFade.uexp" 7
"../../../Engine/Content/EngineMaterials/WorldGridMaterial.uasset" 8
"../../../Engine/Content/EngineMaterials/WorldGridMaterial.uexp" 9
"../../../Engine/Content/ArtTools/RenderToTexture/Meshes/S_1_Unit_Plane.uasset" 10
"../../../Engine/Content/ArtTools/RenderToTexture/Meshes/S_1_Unit_Plane.uexp" 11
"../../../Engine/Content/EngineMaterials/DefaultMaterial.uasset" 12
"../../../Engine/Content/EngineMaterials/DefaultMaterial.uexp" 13
"../../../Engine/Content/BasicShapes/Cone.uasset" 14
"../../../Engine/Content/BasicShapes/Cone.uexp" 15
"../../../Engine/Content/BasicShapes/Plane.uasset" 16
"../../../Engine/Content/BasicShapes/Plane.uexp" 17
"../../../Engine/Content/BasicShapes/Sphere.uasset" 18
"../../../Engine/Content/BasicShapes/Sphere.uexp" 19
"../../../Engine/Content/EditorLandscapeResources/DataLayer.uasset" 20
"../../../Engine/Content/EditorLandscapeResources/DataLayer.uexp" 21
"../../../Engine/Content/EditorLandscapeResources/DefaultAlphaTexture.uasset" 22
"../../../Engine/Content/EditorLandscapeResources/DefaultAlphaTexture.uexp" 23
"../../../Engine/Content/EditorMaterials/MAT_Groups_Toggle.uasset" 24
"../../../Engine/Content/EditorMaterials/MAT_Groups_Toggle.uexp" 25
"../../../Engine/Content/EditorMaterials/MAT_Groups_Visibility.uasset" 26
"../../../Engine/Content/EditorMaterials/MAT_Groups_Visibility.uexp" 27
"../../../Engine/Content/EditorMaterials/PreviewShadowIndicator.uasset" 28
"../../../Engine/Content/EditorMaterials/PreviewShadowIndicator.uexp" 29
"../../../Engine/Content/EditorMaterials/PreviewShadowIndicator.ubulk" 30
"../../../Engine/Content/EditorMaterials/PreviewShadowIndicatorMaterial.uasset" 31
"../../../Engine/Content/EditorMaterials/PreviewShadowIndicatorMaterial.uexp" 32
"../../../Engine/Content/EditorMaterials/MatineeGroups/MAT_ColorTrack.uasset" 33
"../../../Engine/Content/EditorMaterials/MatineeGroups/MAT_ColorTrack.uexp" 34
"../../../Engine/Content/EditorMaterials/MatineeGroups/MAT_Groups_Anim.uasset" 35
"../../../Engine/Content/EditorMaterials/MatineeGroups/MAT_Groups_Anim.uexp" 36
"../../../Engine/Content/EditorMaterials/MatineeGroups/MAT_Groups_AudioMaster.uasset" 37
"../../../Engine/Content/EditorMaterials/MatineeGroups/MAT_Groups_AudioMaster.uexp" 38
"../../../Engine/Content/EditorMaterials/MatineeGroups/MAT_Groups_Director.uasset" 39
"../../../Engine/Content/EditorMaterials/MatineeGroups/MAT_Groups_Director.uexp" 40
"../../../Engine/Content/EditorMaterials/MatineeGroups/MAT_Groups_Event.uasset" 41
"../../../Engine/Content/EditorMaterials/MatineeGroups/MAT_Groups_Event.uexp" 42
"../../../Engine/Content/EditorMaterials/MatineeGroups/MAT_Groups_Fade.uasset" 43
"../../../Engine/Content/EditorMaterials/MatineeGroups/MAT_Groups_Fade.uexp" 44
"../../../Engine/Content/EditorMaterials/MatineeGroups/MAT_Groups_Float.uasset" 45
"../../../Engine/Content/EditorMaterials/MatineeGroups/MAT_Groups_Float.uexp" 46
"../../../Engine/Content/EditorMaterials/MatineeGroups/MAT_Groups_Move.uasset" 47
"../../../Engine/Content/EditorMaterials/MatineeGroups/MAT_Groups_Move.uexp" 48
"../../../Engine/Content/EditorMaterials/MatineeGroups/MAT_Groups_Slomo.uasset" 49
"../../../Engine/Content/EditorMaterials/MatineeGroups/MAT_Groups_Slomo.uexp" 50
"../../../Engine/Content/EditorMaterials/MatineeGroups/MAT_Groups_Sound.uasset" 51
"../../../Engine/Content/EditorMaterials/MatineeGroups/MAT_Groups_Sound.uexp" 52
"../../../Engine/Content/EditorMaterials/MatineeGroups/MAT_Groups_Vector.uasset" 53
"../../../Engine/Content/EditorMaterials/MatineeGroups/MAT_Groups_Vector.uexp" 54
"../../../Engine/Content/EditorMaterials/ParticleSystems/PSysThumbnail_NoImage.uasset" 55
"../../../Engine/Content/EditorMaterials/ParticleSystems/PSysThumbnail_NoImage.uexp" 56
"../../../Engine/Content/EditorMaterials/ParticleSystems/PSysThumbnail_NoImage.ubulk" 57
"../../../Engine/Content/EditorMaterials/ParticleSystems/PSysThumbnail_OOD.uasset" 58
"../../../Engine/Content/EditorMaterials/ParticleSystems/PSysThumbnail_OOD.uexp" 59
"../../../Engine/Content/EditorMaterials/ParticleSystems/PSysThumbnail_OOD.ubulk" 60
"../../../Engine/Content/EditorMaterials/Camera/CineMat.uasset" 61
"../../../Engine/Content/EditorMaterials/Camera/CineMat.uexp" 62
"../../../Engine/Content/EditorMaterials/Camera/MI_CineMat_Rig.uasset" 63
"../../../Engine/Content/EditorMaterials/Camera/MI_CineMat_Rig.uexp" 64
"../../../Engine/Content/EditorMeshes/Camera/SM_CraneRig_Arm.uasset" 65
"../../../Engine/Content/EditorMeshes/Camera/SM_CraneRig_Arm.uexp" 66
"../../../Engine/Content/EditorMeshes/Camera/SM_CraneRig_Base.uasset" 67
"../../../Engine/Content/EditorMeshes/Camera/SM_CraneRig_Base.uexp" 68
"../../../Engine/Content/EditorMeshes/Camera/SM_CraneRig_Body.uasset" 69
"../../../Engine/Content/EditorMeshes/Camera/SM_CraneRig_Body.uexp" 70
"../../../Engine/Content/EditorMeshes/Camera/SM_CraneRig_Mount.uasset" 71
"../../../Engine/Content/EditorMeshes/Camera/SM_CraneRig_Mount.uexp" 72
"../../../Engine/Content/EditorMeshes/Camera/SM_RailRig_Mount.uasset" 73
"../../../Engine/Content/EditorMeshes/Camera/SM_RailRig_Mount.uexp" 74
"../../../Engine/Content/EditorMeshes/Camera/SM_RailRig_Track.uasset" 75
"../../../Engine/Content/EditorMeshes/Camera/SM_RailRig_Track.uexp" 76
"../../../Engine/Content/EditorResources/BSPVertex.uasset" 77
"../../../Engine/Content/EditorResources/BSPVertex.uexp" 78
"../../../Engine/Content/EditorResources/EmptyActor.uasset" 79
"../../../Engine/Content/EditorResources/EmptyActor.uexp" 80
"../../../Engine/Content/EditorResources/S_Actor.uasset" 81
"../../../Engine/Content/EditorResources/S_Actor.uexp" 82
"../../../Engine/Content/EditorResources/S_Actor.ubulk" 83
"../../../Engine/Content/EditorResources/S_Note.uasset" 84
"../../../Engine/Content/EditorResources/S_Note.uexp" 85
"../../../Engine/Content/EditorResources/S_Note.ubulk" 86
"../../../Engine/Content/EditorResources/S_Solver.uasset" 87
"../../../Engine/Content/EditorResources/S_Solver.uexp" 88
"../../../Engine/Content/EditorResources/S_Solver.ubulk" 89
"../../../Engine/Content/EditorResources/S_Terrain.uasset" 90
"../../../Engine/Content/EditorResources/S_Terrain.uexp" 91
"../../../Engine/Content/EditorResources/S_Terrain.ubulk" 92
"../../../Engine/Content/EditorResources/S_Trigger.uasset" 93
"../../../Engine/Content/EditorResources/S_Trigger.uexp" 94
"../../../Engine/Content/EditorResources/S_Trigger.ubulk" 95
"../../../Engine/Content/EditorResources/LightIcons/S_LightError.uasset" 96
"../../../Engine/Content/EditorResources/LightIcons/S_LightError.uexp" 97
"../../../Engine/Content/EditorResources/SequenceRecorder/Countdown.uasset" 98
"../../../Engine/Content/EditorResources/SequenceRecorder/Countdown.uexp" 99
"../../../Engine/Content/EditorResources/SequenceRecorder/RecordingIndicator.uasset" 100
"../../../Engine/Content/EditorResources/SequenceRecorder/RecordingIndicator.uexp" 101
"../../../Engine/Content/EngineDamageTypes/DmgTypeBP_Environmental.uasset" 102
"../../../Engine/Content/EngineDamageTypes/DmgTypeBP_Environmental.uexp" 103
"../../../Engine/Content/EngineDebugMaterials/DebugEditorMaterial.uasset" 104
"../../../Engine/Content/EngineDebugMaterials/DebugEditorMaterial.uexp" 105
"../../../Engine/Content/EngineDebugMaterials/DebugMeshMaterial.uasset" 106
"../../../Engine/Content/EngineDebugMaterials/DebugMeshMaterial.uexp" 107
"../../../Engine/Content/EngineDebugMaterials/M_SimpleUnlitTranslucent.uasset" 108
"../../../Engine/Content/EngineDebugMaterials/M_SimpleUnlitTranslucent.uexp" 109
"../../../Engine/Content/EngineDebugMaterials/VolumeToRender.uasset" 110
"../../../Engine/Content/EngineDebugMaterials/VolumeToRender.uexp" 111
"../../../Engine/Content/Functions/Engine_MaterialFunctions02/Utility/CameraDirectionVector.uasset" 112
"../../../Engine/Content/Functions/Engine_MaterialFunctions02/Utility/CameraDirectionVector.uexp" 113
"../../../Engine/Content/EngineDebugMaterials/M_VolumeRenderSphereTracePP.uasset" 114
"../../../Engine/Content/EngineDebugMaterials/M_VolumeRenderSphereTracePP.uexp" 115
"../../../Engine/Content/Functions/Engine_MaterialFunctions01/Shading/ConvertFromDiffSpec.uasset" 116
"../../../Engine/Content/Functions/Engine_MaterialFunctions01/Shading/ConvertFromDiffSpec.uexp" 117
"../../../Engine/Content/EngineDebugMaterials/VertexColorMaterial.uasset" 118
"../../../Engine/Content/EngineDebugMaterials/VertexColorMaterial.uexp" 119
"../../../Engine/Content/EngineDebugMaterials/WireframeMaterial.uasset" 120
"../../../Engine/Content/EngineDebugMaterials/WireframeMaterial.uexp" 121
"../../../Engine/Content/EngineFonts/Faces/RobotoRegular.uasset" 122
"../../../Engine/Content/EngineFonts/Faces/RobotoRegular.uexp" 123
"../../../Engine/Content/EngineFonts/Faces/RobotoRegular.ufont" 124
"../../../Engine/Content/EngineFonts/Faces/RobotoLight.uasset" 125
"../../../Engine/Content/EngineFonts/Faces/RobotoLight.uexp" 126
"../../../Engine/Content/EngineFonts/Faces/RobotoLight.ufont" 127
"../../../Engine/Content/EngineFonts/Faces/RobotoItalic.uasset" 128
"../../../Engine/Content/EngineFonts/Faces/RobotoItalic.uexp" 129
"../../../Engine/Content/EngineFonts/Faces/RobotoItalic.ufont" 130
"../../../Engine/Content/EngineFonts/Faces/RobotoBoldItalic.uasset" 131
"../../../Engine/Content/EngineFonts/Faces/RobotoBoldItalic.uexp" 132
"../../../Engine/Content/EngineFonts/Faces/RobotoBoldItalic.ufont" 133
"../../../Engine/Content/EngineFonts/Faces/RobotoBold.uasset" 134
"../../../Engine/Content/EngineFonts/Faces/RobotoBold.uexp" 135
"../../../Engine/Content/EngineFonts/Faces/RobotoBold.ufont" 136
"../../../Engine/Content/EngineFonts/Faces/DroidSansFallback.uasset" 137
"../../../Engine/Content/EngineFonts/Faces/DroidSansFallback.uexp" 138
"../../../Engine/Content/EngineFonts/Faces/DroidSansFallback.ufont" 139
"../../../Engine/Content/EngineFonts/Roboto.uasset" 140
"../../../Engine/Content/EngineFonts/Roboto.uexp" 141
"../../../Engine/Content/EngineMaterials/BaseFlattenGrayscaleMap.uasset" 142
"../../../Engine/Content/EngineMaterials/BaseFlattenGrayscaleMap.uexp" 143
"../../../Engine/Content/EngineMaterials/BaseFlattenEmissiveMap.uasset" 144
"../../../Engine/Content/EngineMaterials/BaseFlattenEmissiveMap.uexp" 145
"../../../Engine/Content/EngineMaterials/BaseFlattenDiffuseMap.uasset" 146
"../../../Engine/Content/EngineMaterials/BaseFlattenDiffuseMap.uexp" 147
"../../../Engine/Content/EngineMaterials/BaseFlattenNormalMap.uasset" 148
"../../../Engine/Content/EngineMaterials/BaseFlattenNormalMap.uexp" 149
"../../../Engine/Content/EngineMaterials/BaseFlattenMaterial.uasset" 150
"../../../Engine/Content/EngineMaterials/BaseFlattenMaterial.uexp" 151
"../../../Engine/Content/EngineMaterials/BlueNoise.uasset" 152
"../../../Engine/Content/EngineMaterials/BlueNoise.uexp" 153
"../../../Engine/Content/EngineMaterials/DefaultBloomKernel.uasset" 154
"../../../Engine/Content/EngineMaterials/DefaultBloomKernel.uexp" 155
"../../../Engine/Content/EngineMaterials/DefaultBokeh.uasset" 156
"../../../Engine/Content/EngineMaterials/DefaultBokeh.uexp" 157
"../../../Engine/Content/EngineMaterials/DefaultDiffuse.uasset" 158
"../../../Engine/Content/EngineMaterials/DefaultDiffuse.uexp" 159
"../../../Engine/Content/EngineMaterials/DefaultDiffuse.ubulk" 160
"../../../Engine/Content/EngineMaterials/DefaultDeferredDecalMaterial.uasset" 161
"../../../Engine/Content/EngineMaterials/DefaultDeferredDecalMaterial.uexp" 162
"../../../Engine/Content/EngineMaterials/DefaultLightFunctionMaterial.uasset" 163
"../../../Engine/Content/EngineMaterials/DefaultLightFunctionMaterial.uexp" 164
"../../../Engine/Content/EngineMaterials/DefaultPhysicalMaterial.uasset" 165
"../../../Engine/Content/EngineMaterials/DefaultPhysicalMaterial.uexp" 166
"../../../Engine/Content/Functions/Engine_MaterialFunctions02/Utility/BreakOutFloat2Components.uasset" 167
"../../../Engine/Content/Functions/Engine_MaterialFunctions02/Utility/BreakOutFloat2Components.uexp" 168
"../../../Engine/Content/EngineMaterials/DefaultPostProcessMaterial.uasset" 169
"../../../Engine/Content/EngineMaterials/DefaultPostProcessMaterial.uexp" 170
"../../../Engine/Content/EngineFonts/RobotoDistanceField.uasset" 171
"../../../Engine/Content/EngineFonts/RobotoDistanceField.uexp" 172
"../../../Engine/Content/EngineMaterials/DefaultTextMaterialOpaque.uasset" 173
"../../../Engine/Content/EngineMaterials/DefaultTextMaterialOpaque.uexp" 174
"../../../Engine/Content/EngineMaterials/DefaultWhiteGrid.uasset" 175
"../../../Engine/Content/EngineMaterials/DefaultWhiteGrid.uexp" 176
"../../../Engine/Content/EngineMaterials/DefaultWhiteGrid.ubulk" 177
"../../../Engine/Content/EngineMaterials/DefaultWhiteGrid_Low.uasset" 178
"../../../Engine/Content/EngineMaterials/DefaultWhiteGrid_Low.uexp" 179
"../../../Engine/Content/EngineMaterials/EmissiveMeshMaterial.uasset" 180
"../../../Engine/Content/EngineMaterials/EmissiveMeshMaterial.uexp" 181
"../../../Engine/Content/EngineMaterials/GizmoMaterial.uasset" 182
"../../../Engine/Content/EngineMaterials/GizmoMaterial.uexp" 183
"../../../Engine/Content/EngineMaterials/Good64x64TilingNoiseHighFreq.uasset" 184
"../../../Engine/Content/EngineMaterials/Good64x64TilingNoiseHighFreq.uexp" 185
"../../../Engine/Content/EngineMaterials/MiniFont.uasset" 186
"../../../Engine/Content/EngineMaterials/MiniFont.uexp" 187
"../../../Engine/Content/EngineMaterials/InvalidLightmapSettings.uasset" 188
"../../../Engine/Content/EngineMaterials/InvalidLightmapSettings.uexp" 189
"../../../Engine/Content/EngineMaterials/InvalidLightmapSettings.ubulk" 190
"../../../Engine/Content/EngineMaterials/M_InvalidLightmapSettings.uasset" 191
"../../../Engine/Content/EngineMaterials/M_InvalidLightmapSettings.uexp" 192
"../../../Engine/Content/Functions/Engine_MaterialFunctions02/WorldPositionOffset/CameraOffset.uasset" 193
"../../../Engine/Content/Functions/Engine_MaterialFunctions02/WorldPositionOffset/CameraOffset.uexp" 194
"../../../Engine/Content/EngineMaterials/PhAT_JointLimitMaterial.uasset" 195
"../../../Engine/Content/EngineMaterials/PhAT_JointLimitMaterial.uexp" 196
"../../../Engine/Content/EngineMaterials/DefaultCalibrationColor.uasset" 197
"../../../Engine/Content/EngineMaterials/DefaultCalibrationColor.uexp" 198
"../../../Engine/Content/EngineMaterials/PPM_DefaultCalibrationColor.uasset" 199
"../../../Engine/Content/EngineMaterials/PPM_DefaultCalibrationColor.uexp" 200
"../../../Engine/Content/EngineMaterials/DefaultCalibrationGrayscale.uasset" 201
"../../../Engine/Content/EngineMaterials/DefaultCalibrationGrayscale.uexp" 202
"../../../Engine/Content/EngineMaterials/PPM_DefaultCalibrationGrayscale.uasset" 203
"../../../Engine/Content/EngineMaterials/PPM_DefaultCalibrationGrayscale.uexp" 204
"../../../Engine/Content/EngineMaterials/PreintegratedSkinBRDF.uasset" 205
"../../../Engine/Content/EngineMaterials/PreintegratedSkinBRDF.uexp" 206
"../../../Engine/Content/EngineMaterials/RemoveSurfaceMaterial.uasset" 207
"../../../Engine/Content/EngineMaterials/RemoveSurfaceMaterial.uexp" 208
"../../../Engine/Content/EngineMaterials/WeightMapPlaceholderTexture.uasset" 209
"../../../Engine/Content/EngineMaterials/WeightMapPlaceholderTexture.uexp" 210
"../../../Engine/Content/EngineResources/WhiteSquareTexture.uasset" 211
"../../../Engine/Content/EngineResources/WhiteSquareTexture.uexp" 212
"../../../Engine/Content/EngineMaterials/Widget3DPassThrough.uasset" 213
"../../../Engine/Content/EngineMaterials/Widget3DPassThrough.uexp" 214
"../../../Engine/Content/EngineMaterials/Widget3DPassThrough_Masked.uasset" 215
"../../../Engine/Content/EngineMaterials/Widget3DPassThrough_Masked.uexp" 216
"../../../Engine/Content/EngineMaterials/Widget3DPassThrough_Opaque.uasset" 217
"../../../Engine/Content/EngineMaterials/Widget3DPassThrough_Opaque.uexp" 218
"../../../Engine/Content/EngineMaterials/Widget3DPassThrough_Masked_OneSided.uasset" 219
"../../../Engine/Content/EngineMaterials/Widget3DPassThrough_Masked_OneSided.uexp" 220
"../../../Engine/Content/EngineMaterials/Widget3DPassThrough_Opaque_OneSided.uasset" 221
"../../../Engine/Content/EngineMaterials/Widget3DPassThrough_Opaque_OneSided.uexp" 222
"../../../Engine/Content/EngineMaterials/Widget3DPassThrough_Translucent.uasset" 223
"../../../Engine/Content/EngineMaterials/Widget3DPassThrough_Translucent.uexp" 224
"../../../Engine/Content/EngineMaterials/Widget3DPassThrough_Translucent_OneSided.uasset" 225
"../../../Engine/Content/EngineMaterials/Widget3DPassThrough_Translucent_OneSided.uexp" 226
"../../../Engine/Content/EngineMeshes/Cylinder.uasset" 227
"../../../Engine/Content/EngineMeshes/Cylinder.uexp" 228
"../../../Engine/Content/EngineMeshes/Sphere.uasset" 229
"../../../Engine/Content/EngineMeshes/Sphere.uexp" 230
"../../../Engine/Content/EngineResources/DefaultTexture.uasset" 231
"../../../Engine/Content/EngineResources/DefaultTexture.uexp" 232
"../../../Engine/Content/EngineResources/DefaultTexture.ubulk" 233
"../../../Engine/Content/EngineResources/DefaultTextureCube.uasset" 234
"../../../Engine/Content/EngineResources/DefaultTextureCube.uexp" 235
"../../../Engine/Content/EngineResources/DefaultVolumeTexture2D.uasset" 236
"../../../Engine/Content/EngineResources/DefaultVolumeTexture2D.uexp" 237
"../../../Engine/Content/EngineResources/DefaultVolumeTexture.uasset" 238
"../../../Engine/Content/EngineResources/DefaultVolumeTexture.uexp" 239
"../../../Engine/Content/EngineResources/GradientTexture0.uasset" 240
"../../../Engine/Content/EngineResources/GradientTexture0.uexp" 241
"../../../Engine/Content/EngineSky/VolumetricClouds/T_NoiseShape64.uasset" 242
"../../../Engine/Content/EngineSky/VolumetricClouds/T_NoiseShape64.uexp" 243
"../../../Engine/Content/EngineSky/VolumetricClouds/T_NoiseShape64.ubulk" 244
"../../../Engine/Content/EngineSky/VolumetricClouds/T_VolumeNoiseShape64.uasset" 245
"../../../Engine/Content/EngineSky/VolumetricClouds/T_VolumeNoiseShape64.uexp" 246
"../../../Engine/Content/EngineSky/VolumetricClouds/T_NoiseErosion.uasset" 247
"../../../Engine/Content/EngineSky/VolumetricClouds/T_NoiseErosion.uexp" 248
"../../../Engine/Content/EngineSky/VolumetricClouds/T_NoiseErosion.ubulk" 249
"../../../Engine/Content/EngineSky/VolumetricClouds/T_VolumeNoiseErosion32.uasset" 250
"../../../Engine/Content/EngineSky/VolumetricClouds/T_VolumeNoiseErosion32.uexp" 251
"../../../Engine/Content/EngineSky/VolumetricClouds/CloudWeatherTexture.uasset" 252
"../../../Engine/Content/EngineSky/VolumetricClouds/CloudWeatherTexture.uexp" 253
"../../../Engine/Content/EngineSky/VolumetricClouds/CloudGradientTexture.uasset" 254
"../../../Engine/Content/EngineSky/VolumetricClouds/CloudGradientTexture.uexp" 255
"../../../Engine/Content/Functions/Engine_MaterialFunctions02/Utility/MakeFloat2.uasset" 256
"../../../Engine/Content/Functions/Engine_MaterialFunctions02/Utility/MakeFloat2.uexp" 257
"../../../Engine/Content/EngineSky/VolumetricClouds/m_SimpleVolumetricCloud.uasset" 258
"../../../Engine/Content/EngineSky/VolumetricClouds/m_SimpleVolumetricCloud.uexp" 259
"../../../Engine/Content/EngineSky/VolumetricClouds/m_SimpleVolumetricCloud_Inst.uasset" 260
"../../../Engine/Content/EngineSky/VolumetricClouds/m_SimpleVolumetricCloud_Inst.uexp" 261
"../../../Engine/Content/EngineSounds/Master.uasset" 262
"../../../Engine/Content/EngineSounds/Master.uexp" 263
"../../../Engine/Content/Functions/Engine_MaterialFunctions01/Shading/PowerToRoughness.uasset" 264
"../../../Engine/Content/Functions/Engine_MaterialFunctions01/Shading/PowerToRoughness.uexp" 265
"../../../Engine/Content/Maps/Templates/Thumbnails/Default.uasset" 266
"../../../Engine/Content/Maps/Templates/Thumbnails/Default.uexp" 267
"../../../Engine/Content/Maps/Templates/Thumbnails/TimeOfDay.uasset" 268
"../../../Engine/Content/Maps/Templates/Thumbnails/TimeOfDay.uexp" 269
"../../../Engine/Content/Maps/Templates/Thumbnails/VR-Basic.uasset" 270
"../../../Engine/Content/Maps/Templates/Thumbnails/VR-Basic.uexp" 271
"../../../Engine/Content/MobileResources/T_MobileControls_texture.uasset" 272
"../../../Engine/Content/MobileResources/T_MobileControls_texture.uexp" 273
"../../../Engine/Content/MobileResources/T_MobileMenu2.uasset" 274
"../../../Engine/Content/MobileResources/T_MobileMenu2.uexp" 275
"../../../Engine/Content/MobileResources/HUD/AnalogHat.uasset" 276
"../../../Engine/Content/MobileResources/HUD/AnalogHat.uexp" 277
"../../../Engine/Content/MobileResources/HUD/VirtualJoystick_Thumb.uasset" 278
"../../../Engine/Content/MobileResources/HUD/VirtualJoystick_Thumb.uexp" 279
"../../../Engine/Content/MobileResources/HUD/VirtualJoystick_Background.uasset" 280
"../../../Engine/Content/MobileResources/HUD/VirtualJoystick_Background.uexp" 281
"../../../Engine/Content/MobileResources/HUD/DefaultVirtualJoysticks.uasset" 282
"../../../Engine/Content/MobileResources/HUD/DefaultVirtualJoysticks.uexp" 283
"../../../Engine/Content/MobileResources/HUD/LeftVirtualJoystickOnly.uasset" 284
"../../../Engine/Content/MobileResources/HUD/LeftVirtualJoystickOnly.uexp" 285
"../../../Engine/Content/MobileResources/HUD/MobileHUDButton1_off.uasset" 286
"../../../Engine/Content/MobileResources/HUD/MobileHUDButton1_off.uexp" 287
"../../../Engine/Content/MobileResources/HUD/MobileHUDButton1_on.uasset" 288
"../../../Engine/Content/MobileResources/HUD/MobileHUDButton1_on.uexp" 289
"../../../Engine/Content/MobileResources/HUD/MobileHUDButton2_off.uasset" 290
"../../../Engine/Content/MobileResources/HUD/MobileHUDButton2_off.uexp" 291
"../../../Engine/Content/MobileResources/HUD/MobileHUDButton2_on.uasset" 292
"../../../Engine/Content/MobileResources/HUD/MobileHUDButton2_on.uexp" 293
"../../../Engine/Content/MobileResources/HUD/MobileHUDButton3.uasset" 294
"../../../Engine/Content/MobileResources/HUD/MobileHUDButton3.uexp" 295
"../../../Engine/Content/MobileResources/HUD/MobileHUDButtonFire.uasset" 296
"../../../Engine/Content/MobileResources/HUD/MobileHUDButtonFire.uexp" 297
"../../../Engine/Content/MobileResources/HUD/MobileHUDDirectionPad.uasset" 298
"../../../Engine/Content/MobileResources/HUD/MobileHUDDirectionPad.uexp" 299
"../../../Engine/Content/MobileResources/HUD/MobileHUDDirectionPad2.uasset" 300
"../../../Engine/Content/MobileResources/HUD/MobileHUDDirectionPad2.uexp" 301
"../../../Engine/Content/MobileResources/HUD/MobileHUDDirectionPad3.uasset" 302
"../../../Engine/Content/MobileResources/HUD/MobileHUDDirectionPad3.uexp" 303
"../../../Engine/Content/MobileResources/HUD/MobileHUDDirectionStick.uasset" 304
"../../../Engine/Content/MobileResources/HUD/MobileHUDDirectionStick.uexp" 305
"../../../Engine/Content/MobileResources/HUD/T_Castle_ThumbstickInner.uasset" 306
"../../../Engine/Content/MobileResources/HUD/T_Castle_ThumbstickInner.uexp" 307
"../../../Engine/Content/MobileResources/HUD/T_Castle_ThumbstickOutter.uasset" 308
"../../../Engine/Content/MobileResources/HUD/T_Castle_ThumbstickOutter.uexp" 309
"../../../Engine/Content/Tutorial/ContentIntroCurve.uasset" 310
"../../../Engine/Content/Tutorial/ContentIntroCurve.uexp" 311
"../../../Engine/Content/Tutorial/Basics/TutorialAssets/icon_tab_Levels_40x.uasset" 312
"../../../Engine/Content/Tutorial/Basics/TutorialAssets/icon_tab_Levels_40x.uexp" 313
"../../../Engine/Content/VREditor/TransformGizmo/TranslucentTransformGizmoMaterial.uasset" 314
"../../../Engine/Content/VREditor/TransformGizmo/TranslucentTransformGizmoMaterial.uexp" 315
"../../../Engine/Content/VREditor/LaserPointer/VR_LaserPower_01.uasset" 316
"../../../Engine/Content/VREditor/LaserPointer/VR_LaserPower_01.uexp" 317
"../../../Engine/Content/VREditor/LaserPointer/VR_LaserPower_01.ubulk" 318
"../../../Engine/Content/VREditor/TransformGizmo/TransformGizmoMaterial.uasset" 319
"../../../Engine/Content/VREditor/TransformGizmo/TransformGizmoMaterial.uexp" 320
"../../../Engine/Content/VREditor/TransformGizmo/BoundingBoxCorner.uasset" 321
"../../../Engine/Content/VREditor/TransformGizmo/BoundingBoxCorner.uexp" 322
"../../../Engine/Content/VREditor/TransformGizmo/BoundingBoxEdge.uasset" 323
"../../../Engine/Content/VREditor/TransformGizmo/BoundingBoxEdge.uexp" 324
"../../../Engine/Content/VREditor/TransformGizmo/PlaneTranslationHandle.uasset" 325
"../../../Engine/Content/VREditor/TransformGizmo/PlaneTranslationHandle.uexp" 326
"../../../Engine/Content/VREditor/TransformGizmo/Xray.uasset" 327
"../../../Engine/Content/VREditor/TransformGizmo/Xray.uexp" 328
"../../../Engine/Content/VREditor/TransformGizmo/Main.uasset" 329
"../../../Engine/Content/VREditor/TransformGizmo/Main.uexp" 330
"../../../Engine/Content/VREditor/TransformGizmo/SM_Sequencer_Key.uasset" 331
"../../../Engine/Content/VREditor/TransformGizmo/SM_Sequencer_Key.uexp" 332
"../../../Engine/Content/VREditor/TransformGizmo/SM_Sequencer_Node.uasset" 333
"../../../Engine/Content/VREditor/TransformGizmo/SM_Sequencer_Node.uexp" 334
"../../../Engine/Plugins/2D/Paper2D/Content/PlaceholderTextures/DummySpriteTexture.uasset" 335
"../../../Engine/Plugins/2D/Paper2D/Content/PlaceholderTextures/DummySpriteTexture.uexp" 336
"../../../Engine/Plugins/2D/Paper2D/Content/PlaceholderTextures/DummySpriteTexture.ubulk" 337
"../../../Engine/Plugins/2D/Paper2D/Content/DummySprite.uasset" 338
"../../../Engine/Plugins/2D/Paper2D/Content/DummySprite.uexp" 339
"../../../Engine/Plugins/2D/Paper2D/Content/DefaultPaperTerrainMaterial.uasset" 340
"../../../Engine/Plugins/2D/Paper2D/Content/DefaultPaperTerrainMaterial.uexp" 341
"../../../Engine/Plugins/2D/Paper2D/Content/DefaultSpriteMaterial.uasset" 342
"../../../Engine/Plugins/2D/Paper2D/Content/DefaultSpriteMaterial.uexp" 343
"../../../Engine/Plugins/2D/Paper2D/Content/MaskedUnlitSpriteMaterial.uasset" 344
"../../../Engine/Plugins/2D/Paper2D/Content/MaskedUnlitSpriteMaterial.uexp" 345
"../../../Engine/Plugins/2D/Paper2D/Content/OpaqueUnlitSpriteMaterial.uasset" 346
"../../../Engine/Plugins/2D/Paper2D/Content/OpaqueUnlitSpriteMaterial.uexp" 347
"../../../Engine/Content/Functions/Engine_MaterialFunctions02/Utility/BreakOutFloat3Components.uasset" 348
"../../../Engine/Content/Functions/Engine_MaterialFunctions02/Utility/BreakOutFloat3Components.uexp" 349
"../../../Engine/Plugins/Editor/SpeedTreeImporter/Content/SpeedTree9/UnpackInteger3.uasset" 350
"../../../Engine/Plugins/Editor/SpeedTreeImporter/Content/SpeedTree9/UnpackInteger3.uexp" 351
"../../../Engine/Plugins/Editor/SpeedTreeImporter/Content/SpeedTree9/UnpackDirection.uasset" 352
"../../../Engine/Plugins/Editor/SpeedTreeImporter/Content/SpeedTree9/UnpackDirection.uexp" 353
"../../../Engine/Plugins/Editor/SpeedTreeImporter/Content/SpeedTree9/game_wind_noise.uasset" 354
"../../../Engine/Plugins/Editor/SpeedTreeImporter/Content/SpeedTree9/game_wind_noise.uexp" 355
"../../../Engine/Plugins/Editor/SpeedTreeImporter/Content/SpeedTree9/game_wind_noise.ubulk" 356
"../../../Engine/Content/Functions/Engine_MaterialFunctions02/SafeNormalize.uasset" 357
"../../../Engine/Content/Functions/Engine_MaterialFunctions02/SafeNormalize.uexp" 358
"../../../Engine/Plugins/Editor/SpeedTreeImporter/Content/SpeedTree9/SpeedTreeWindMotion.uasset" 359
"../../../Engine/Plugins/Editor/SpeedTreeImporter/Content/SpeedTree9/SpeedTreeWindMotion.uexp" 360
"../../../Engine/Plugins/Editor/SpeedTreeImporter/Content/SpeedTree9/SpeedTreeBranchMotion.uasset" 361
"../../../Engine/Plugins/Editor/SpeedTreeImporter/Content/SpeedTree9/SpeedTreeBranchMotion.uexp" 362
"../../../Engine/Content/Functions/Engine_MaterialFunctions02/ObjectLocalBounds.uasset" 363
"../../../Engine/Content/Functions/Engine_MaterialFunctions02/ObjectLocalBounds.uexp" 364
"../../../Engine/Content/Functions/Engine_MaterialFunctions02/UVs/BoundingBoxBased_0-1_UVW.uasset" 365
"../../../Engine/Content/Functions/Engine_MaterialFunctions02/UVs/BoundingBoxBased_0-1_UVW.uexp" 366
"../../../Engine/Content/Functions/Engine_MaterialFunctions02/Utility/VectorLength.uasset" 367
"../../../Engine/Content/Functions/Engine_MaterialFunctions02/Utility/VectorLength.uexp" 368
"../../../Engine/Content/Functions/Engine_MaterialFunctions02/WorldPositionOffset/ObjectScale.uasset" 369
"../../../Engine/Content/Functions/Engine_MaterialFunctions02/WorldPositionOffset/ObjectScale.uexp" 370
"../../../Engine/Plugins/Editor/SpeedTreeImporter/Content/SpeedTree9/SpeedTreeWind.uasset" 371
"../../../Engine/Plugins/Editor/SpeedTreeImporter/Content/SpeedTree9/SpeedTreeWind.uexp" 372
"../../../Engine/Plugins/Editor/SpeedTreeImporter/Content/SpeedTree9/SpeedTreeBillboard.uasset" 373
"../../../Engine/Plugins/Editor/SpeedTreeImporter/Content/SpeedTree9/SpeedTreeBillboard.uexp" 374
"../../../Engine/Plugins/Editor/SpeedTreeImporter/Content/SpeedTree9/EmptyNormal.uasset" 375
"../../../Engine/Plugins/Editor/SpeedTreeImporter/Content/SpeedTree9/EmptyNormal.uexp" 376
"../../../Engine/Plugins/Editor/SpeedTreeImporter/Content/SpeedTree9/Empty.uasset" 377
"../../../Engine/Plugins/Editor/SpeedTreeImporter/Content/SpeedTree9/Empty.uexp" 378
"../../../Engine/Plugins/Editor/SpeedTreeImporter/Content/SpeedTree9/SpeedTreeBillboardMaster.uasset" 379
"../../../Engine/Plugins/Editor/SpeedTreeImporter/Content/SpeedTree9/SpeedTreeBillboardMaster.uexp" 380
"../../../Engine/Plugins/Editor/SpeedTreeImporter/Content/SpeedTree9/SpeedTreeCameraFacing.uasset" 381
"../../../Engine/Plugins/Editor/SpeedTreeImporter/Content/SpeedTree9/SpeedTreeCameraFacing.uexp" 382
"../../../Engine/Plugins/Editor/SpeedTreeImporter/Content/SpeedTree9/SpeedTreeMaster.uasset" 383
"../../../Engine/Plugins/Editor/SpeedTreeImporter/Content/SpeedTree9/SpeedTreeMaster.uexp" 384
"../../../Engine/Content/BasicShapes/Cylinder.uasset" 385
"../../../Engine/Content/BasicShapes/Cylinder.uexp" 386
"../../../Engine/Content/ArtTools/RenderToTexture/Materials/Debug/M_Emissive_Color.uasset" 387
"../../../Engine/Content/ArtTools/RenderToTexture/Materials/Debug/M_Emissive_Color.uexp" 388
"../../../Engine/Plugins/Lumin/MagicLeapPassableWorld/Content/MagicLeapARPinInfoActor.uasset" 389
"../../../Engine/Plugins/Lumin/MagicLeapPassableWorld/Content/MagicLeapARPinInfoActor.uexp" 390
"../../../Engine/Plugins/Runtime/OpenXR/Content/Devices/GoogleDaydream/MRTexture.uasset" 391
"../../../Engine/Plugins/Runtime/OpenXR/Content/Devices/GoogleDaydream/MRTexture.uexp" 392
"../../../Engine/Plugins/Runtime/OpenXR/Content/Devices/GoogleDaydream/MRTexture.ubulk" 393
"../../../Engine/Plugins/Runtime/OpenXR/Content/Devices/GoogleDaydream/BaseTexture.uasset" 394
"../../../Engine/Plugins/Runtime/OpenXR/Content/Devices/GoogleDaydream/BaseTexture.uexp" 395
"../../../Engine/Plugins/Runtime/OpenXR/Content/Devices/GoogleDaydream/BaseTexture.ubulk" 396
"../../../Engine/Content/EngineResources/Black.uasset" 397
"../../../Engine/Content/EngineResources/Black.uexp" 398
"../../../Engine/Plugins/Runtime/OpenXR/Content/Devices/M_XRController.uasset" 399
"../../../Engine/Plugins/Runtime/OpenXR/Content/Devices/M_XRController.uexp" 400
"../../../Engine/Plugins/Runtime/OpenXR/Content/Devices/GoogleDaydream/MI_GoogleDaydream.uasset" 401
"../../../Engine/Plugins/Runtime/OpenXR/Content/Devices/GoogleDaydream/MI_GoogleDaydream.uexp" 402
"../../../Engine/Plugins/Runtime/OpenXR/Content/Devices/GoogleDaydream/GoogleDaydreamController.uasset" 403
"../../../Engine/Plugins/Runtime/OpenXR/Content/Devices/GoogleDaydream/GoogleDaydreamController.uexp" 404
"../../../Engine/Plugins/Runtime/OpenXR/Content/Devices/HTCVive/BaseTexture.uasset" 405
"../../../Engine/Plugins/Runtime/OpenXR/Content/Devices/HTCVive/BaseTexture.uexp" 406
"../../../Engine/Plugins/Runtime/OpenXR/Content/Devices/HTCVive/BaseTexture.ubulk" 407
"../../../Engine/Plugins/Runtime/OpenXR/Content/Devices/HTCVive/MI_HTCVive.uasset" 408
"../../../Engine/Plugins/Runtime/OpenXR/Content/Devices/HTCVive/MI_HTCVive.uexp" 409
"../../../Engine/Plugins/Runtime/OpenXR/Content/Devices/HTCVive/HTCViveController.uasset" 410
"../../../Engine/Plugins/Runtime/OpenXR/Content/Devices/HTCVive/HTCViveController.uexp" 411
"../../../Engine/Plugins/Runtime/OpenXR/Content/Devices/MicrosoftMixedReality/NormalTexture.uasset" 412
"../../../Engine/Plugins/Runtime/OpenXR/Content/Devices/MicrosoftMixedReality/NormalTexture.uexp" 413
"../../../Engine/Plugins/Runtime/OpenXR/Content/Devices/MicrosoftMixedReality/NormalTexture.ubulk" 414
"../../../Engine/Plugins/Runtime/OpenXR/Content/Devices/MicrosoftMixedReality/MRTexture.uasset" 415
"../../../Engine/Plugins/Runtime/OpenXR/Content/Devices/MicrosoftMixedReality/MRTexture.uexp" 416
"../../../Engine/Plugins/Runtime/OpenXR/Content/Devices/MicrosoftMixedReality/MRTexture.ubulk" 417
"../../../Engine/Plugins/Runtime/OpenXR/Content/Devices/MicrosoftMixedReality/EmissiveTexture.uasset" 418
"../../../Engine/Plugins/Runtime/OpenXR/Content/Devices/MicrosoftMixedReality/EmissiveTexture.uexp" 419
"../../../Engine/Plugins/Runtime/OpenXR/Content/Devices/MicrosoftMixedReality/EmissiveTexture.ubulk" 420
"../../../Engine/Plugins/Runtime/OpenXR/Content/Devices/MicrosoftMixedReality/BaseTexture.uasset" 421
"../../../Engine/Plugins/Runtime/OpenXR/Content/Devices/MicrosoftMixedReality/BaseTexture.uexp" 422
"../../../Engine/Plugins/Runtime/OpenXR/Content/Devices/MicrosoftMixedReality/BaseTexture.ubulk" 423
"../../../Engine/Plugins/Runtime/OpenXR/Content/Devices/MicrosoftMixedReality/MI_MicrosoftMixedReality.uasset" 424
"../../../Engine/Plugins/Runtime/OpenXR/Content/Devices/MicrosoftMixedReality/MI_MicrosoftMixedReality.uexp" 425
"../../../Engine/Plugins/Runtime/OpenXR/Content/Devices/MicrosoftMixedReality/Left/left_MicrosoftMixedRealityController.uasset" 426
"../../../Engine/Plugins/Runtime/OpenXR/Content/Devices/MicrosoftMixedReality/Left/left_MicrosoftMixedRealityController.uexp" 427
"../../../Engine/Plugins/Runtime/OpenXR/Content/Devices/MicrosoftMixedReality/Right/right_MicrosoftMixedRealityController.uasset" 428
"../../../Engine/Plugins/Runtime/OpenXR/Content/Devices/MicrosoftMixedReality/Right/right_MicrosoftMixedRealityController.uexp" 429
"../../../Engine/Plugins/Runtime/OpenXR/Content/Devices/OculusGo/BaseTexture.uasset" 430
"../../../Engine/Plugins/Runtime/OpenXR/Content/Devices/OculusGo/BaseTexture.uexp" 431
"../../../Engine/Plugins/Runtime/OpenXR/Content/Devices/OculusGo/BaseTexture.ubulk" 432
"../../../Engine/Plugins/Runtime/OpenXR/Content/Devices/OculusGo/MI_OculusGo.uasset" 433
"../../../Engine/Plugins/Runtime/OpenXR/Content/Devices/OculusGo/MI_OculusGo.uexp" 434
"../../../Engine/Plugins/Runtime/OpenXR/Content/Devices/OculusGo/OculusGoController.uasset" 435
"../../../Engine/Plugins/Runtime/OpenXR/Content/Devices/OculusGo/OculusGoController.uexp" 436
"../../../Engine/Plugins/Runtime/OpenXR/Content/Devices/OculusTouch/MRTexture.uasset" 437
"../../../Engine/Plugins/Runtime/OpenXR/Content/Devices/OculusTouch/MRTexture.uexp" 438
"../../../Engine/Plugins/Runtime/OpenXR/Content/Devices/OculusTouch/MRTexture.ubulk" 439
"../../../Engine/Plugins/Runtime/OpenXR/Content/Devices/OculusTouch/BaseTexture.uasset" 440
"../../../Engine/Plugins/Runtime/OpenXR/Content/Devices/OculusTouch/BaseTexture.uexp" 441
"../../../Engine/Plugins/Runtime/OpenXR/Content/Devices/OculusTouch/BaseTexture.ubulk" 442
"../../../Engine/Plugins/Runtime/OpenXR/Content/Devices/OculusTouch/MI_OculusTouch.uasset" 443
"../../../Engine/Plugins/Runtime/OpenXR/Content/Devices/OculusTouch/MI_OculusTouch.uexp" 444
"../../../Engine/Plugins/Runtime/OpenXR/Content/Devices/OculusTouch/Left/left_OculusTouchController.uasset" 445
"../../../Engine/Plugins/Runtime/OpenXR/Content/Devices/OculusTouch/Left/left_OculusTouchController.uexp" 446
"../../../Engine/Plugins/Runtime/OpenXR/Content/Devices/OculusTouch/Right/right_OculusTouchController.uasset" 447
"../../../Engine/Plugins/Runtime/OpenXR/Content/Devices/OculusTouch/Right/right_OculusTouchController.uexp" 448
"../../../Engine/Plugins/Runtime/OpenXR/Content/Devices/OculusTouch_v2/MRTexture.uasset" 449
"../../../Engine/Plugins/Runtime/OpenXR/Content/Devices/OculusTouch_v2/MRTexture.uexp" 450
"../../../Engine/Plugins/Runtime/OpenXR/Content/Devices/OculusTouch_v2/MRTexture.ubulk" 451
"../../../Engine/Plugins/Runtime/OpenXR/Content/Devices/OculusTouch_v2/BaseTexture.uasset" 452
"../../../Engine/Plugins/Runtime/OpenXR/Content/Devices/OculusTouch_v2/BaseTexture.uexp" 453
"../../../Engine/Plugins/Runtime/OpenXR/Content/Devices/OculusTouch_v2/BaseTexture.ubulk" 454
"../../../Engine/Plugins/Runtime/OpenXR/Content/Devices/OculusTouch_v2/MI_OculusTouch_v2.uasset" 455
"../../../Engine/Plugins/Runtime/OpenXR/Content/Devices/OculusTouch_v2/MI_OculusTouch_v2.uexp" 456
"../../../Engine/Plugins/Runtime/OpenXR/Content/Devices/OculusTouch_v2/Left/left_OculusTouch_v2Controller.uasset" 457
"../../../Engine/Plugins/Runtime/OpenXR/Content/Devices/OculusTouch_v2/Left/left_OculusTouch_v2Controller.uexp" 458
"../../../Engine/Plugins/Runtime/OpenXR/Content/Devices/OculusTouch_v2/Right/right_OculusTouch_v2Controller.uasset" 459
"../../../Engine/Plugins/Runtime/OpenXR/Content/Devices/OculusTouch_v2/Right/right_OculusTouch_v2Controller.uexp" 460
"../../../Engine/Plugins/Runtime/OpenXR/Content/Devices/OculusTouch_v3/MRTexture.uasset" 461
"../../../Engine/Plugins/Runtime/OpenXR/Content/Devices/OculusTouch_v3/MRTexture.uexp" 462
"../../../Engine/Plugins/Runtime/OpenXR/Content/Devices/OculusTouch_v3/MRTexture.ubulk" 463
"../../../Engine/Plugins/Runtime/OpenXR/Content/Devices/OculusTouch_v3/BaseTexture.uasset" 464
"../../../Engine/Plugins/Runtime/OpenXR/Content/Devices/OculusTouch_v3/BaseTexture.uexp" 465
"../../../Engine/Plugins/Runtime/OpenXR/Content/Devices/OculusTouch_v3/BaseTexture.ubulk" 466
"../../../Engine/Plugins/Runtime/OpenXR/Content/Devices/OculusTouch_v3/MI_OculusTouch_v3.uasset" 467
"../../../Engine/Plugins/Runtime/OpenXR/Content/Devices/OculusTouch_v3/MI_OculusTouch_v3.uexp" 468
"../../../Engine/Plugins/Runtime/OpenXR/Content/Devices/OculusTouch_v3/Left/left_OculusTouch_v3Controller.uasset" 469
"../../../Engine/Plugins/Runtime/OpenXR/Content/Devices/OculusTouch_v3/Left/left_OculusTouch_v3Controller.uexp" 470
"../../../Engine/Plugins/Runtime/OpenXR/Content/Devices/OculusTouch_v3/Right/right_OculusTouch_v3Controller.uasset" 471
"../../../Engine/Plugins/Runtime/OpenXR/Content/Devices/OculusTouch_v3/Right/right_OculusTouch_v3Controller.uexp" 472
"../../../Engine/Plugins/Runtime/OpenXR/Content/Devices/ValveIndex/MRTexture.uasset" 473
"../../../Engine/Plugins/Runtime/OpenXR/Content/Devices/ValveIndex/MRTexture.uexp" 474
"../../../Engine/Plugins/Runtime/OpenXR/Content/Devices/ValveIndex/MRTexture.ubulk" 475
"../../../Engine/Plugins/Runtime/OpenXR/Content/Devices/ValveIndex/BaseTexture.uasset" 476
"../../../Engine/Plugins/Runtime/OpenXR/Content/Devices/ValveIndex/BaseTexture.uexp" 477
"../../../Engine/Plugins/Runtime/OpenXR/Content/Devices/ValveIndex/BaseTexture.ubulk" 478
"../../../Engine/Plugins/Runtime/OpenXR/Content/Devices/ValveIndex/Left/MI_left_ValveIndex.uasset" 479
"../../../Engine/Plugins/Runtime/OpenXR/Content/Devices/ValveIndex/Left/MI_left_ValveIndex.uexp" 480
"../../../Engine/Plugins/Runtime/OpenXR/Content/Devices/ValveIndex/Left/left_ValveIndexController.uasset" 481
"../../../Engine/Plugins/Runtime/OpenXR/Content/Devices/ValveIndex/Left/left_ValveIndexController.uexp" 482
"../../../Engine/Plugins/Runtime/OpenXR/Content/Devices/ValveIndex/Right/MI_right_ValveIndex.uasset" 483
"../../../Engine/Plugins/Runtime/OpenXR/Content/Devices/ValveIndex/Right/MI_right_ValveIndex.uexp" 484
"../../../Engine/Plugins/Runtime/OpenXR/Content/Devices/ValveIndex/Right/right_ValveIndexController.uasset" 485
"../../../Engine/Plugins/Runtime/OpenXR/Content/Devices/ValveIndex/Right/right_ValveIndexController.uexp" 486
"../../../Engine/Content/Functions/Engine_MaterialFunctions02/Utility/BreakOutFloat4Components.uasset" 487
"../../../Engine/Content/Functions/Engine_MaterialFunctions02/Utility/BreakOutFloat4Components.uexp" 488
"../../../Engine/Content/Functions/Engine_MaterialFunctions02/Utility/MakeFloat3.uasset" 489
"../../../Engine/Content/Functions/Engine_MaterialFunctions02/Utility/MakeFloat3.uexp" 490
"../../../Engine/Plugins/Runtime/Oculus/OculusVR/Content/Materials/OculusMR_ChromaKey.uasset" 491
"../../../Engine/Plugins/Runtime/Oculus/OculusVR/Content/Materials/OculusMR_ChromaKey.uexp" 492
"../../../Engine/Plugins/Runtime/Oculus/OculusVR/Content/Materials/OculusMR_OpaqueColoredMaterial.uasset" 493
"../../../Engine/Plugins/Runtime/Oculus/OculusVR/Content/Materials/OculusMR_OpaqueColoredMaterial.uexp" 494
"../../../Engine/Plugins/Runtime/Oculus/OculusVR/Content/Materials/PokeAHoleMaterial.uasset" 495
"../../../Engine/Plugins/Runtime/Oculus/OculusVR/Content/Materials/PokeAHoleMaterial.uexp" 496
"../../../Engine/Plugins/Runtime/Oculus/OculusVR/Content/Textures/touchController_controlmap.uasset" 497
"../../../Engine/Plugins/Runtime/Oculus/OculusVR/Content/Textures/touchController_controlmap.uexp" 498
"../../../Engine/Plugins/Runtime/Oculus/OculusVR/Content/Textures/touchController_controlmap.ubulk" 499
"../../../Engine/Plugins/Runtime/Oculus/OculusVR/Content/Textures/touchController_albedo.uasset" 500
"../../../Engine/Plugins/Runtime/Oculus/OculusVR/Content/Textures/touchController_albedo.uexp" 501
"../../../Engine/Plugins/Runtime/Oculus/OculusVR/Content/Textures/touchController_albedo.ubulk" 502
"../../../Engine/Plugins/Runtime/Oculus/OculusVR/Content/Materials/touchController_mat.uasset" 503
"../../../Engine/Plugins/Runtime/Oculus/OculusVR/Content/Materials/touchController_mat.uexp" 504
"../../../Engine/Plugins/Runtime/Oculus/OculusVR/Content/Meshes/LeftTouchController.uasset" 505
"../../../Engine/Plugins/Runtime/Oculus/OculusVR/Content/Meshes/LeftTouchController.uexp" 506
"../../../Engine/Plugins/Runtime/Oculus/OculusVR/Content/Textures/TouchForQuestRiftSController_albedo.uasset" 507
"../../../Engine/Plugins/Runtime/Oculus/OculusVR/Content/Textures/TouchForQuestRiftSController_albedo.uexp" 508
"../../../Engine/Plugins/Runtime/Oculus/OculusVR/Content/Textures/TouchForQuestRiftSController_albedo.ubulk" 509
"../../../Engine/Plugins/Runtime/Oculus/OculusVR/Content/Materials/TouchForQuestRiftSControllerMaterial.uasset" 510
"../../../Engine/Plugins/Runtime/Oculus/OculusVR/Content/Materials/TouchForQuestRiftSControllerMaterial.uexp" 511
"../../../Engine/Plugins/Runtime/Oculus/OculusVR/Content/Meshes/LeftTouchForQuestRiftSController.uasset" 512
"../../../Engine/Plugins/Runtime/Oculus/OculusVR/Content/Meshes/LeftTouchForQuestRiftSController.uexp" 513
"../../../Engine/Plugins/Runtime/Oculus/OculusVR/Content/Meshes/RiftHMD.uasset" 514
"../../../Engine/Plugins/Runtime/Oculus/OculusVR/Content/Meshes/RiftHMD.uexp" 515
"../../../Engine/Plugins/Runtime/Oculus/OculusVR/Content/Meshes/RightTouchController.uasset" 516
"../../../Engine/Plugins/Runtime/Oculus/OculusVR/Content/Meshes/RightTouchController.uexp" 517
"../../../Engine/Plugins/Runtime/Oculus/OculusVR/Content/Meshes/RightTouchForQuestRiftSController.uasset" 518
"../../../Engine/Plugins/Runtime/Oculus/OculusVR/Content/Meshes/RightTouchForQuestRiftSController.uexp" 519
"../../../Engine/Content/EngineSky/T_Sky_Stars.uasset" 520
"../../../Engine/Content/EngineSky/T_Sky_Stars.uexp" 521
"../../../Engine/Content/EngineSky/T_Sky_Stars.ubulk" 522
"../../../Engine/Content/EngineSky/T_Sky_Clouds_M.uasset" 523
"../../../Engine/Content/EngineSky/T_Sky_Clouds_M.uexp" 524
"../../../Engine/Content/EngineSky/T_Sky_Clouds_M.ubulk" 525
"../../../Engine/Content/EngineSky/T_Sky_Blue.uasset" 526
"../../../Engine/Content/EngineSky/T_Sky_Blue.uexp" 527
"../../../Engine/Content/EngineSky/T_Sky_Blue.ubulk" 528
"C:/Users/Miranda/Documents/GitHub/D3Detetive/d3Detetive/d3Detetive/Content/ThirdPersonBP/Maps/ThirdPersonExampleMap_BuiltData.uasset" 529
"C:/Users/Miranda/Documents/GitHub/D3Detetive/d3Detetive/d3Detetive/Content/ThirdPersonBP/Maps/ThirdPersonExampleMap_BuiltData.uexp" 530
"C:/Users/Miranda/Documents/GitHub/D3Detetive/d3Detetive/d3Detetive/Content/ThirdPersonBP/Maps/ThirdPersonExampleMap_BuiltData.ubulk" 531
"C:/Users/Miranda/Documents/GitHub/D3Detetive/d3Detetive/d3Detetive/Content/ThirdPerson/Meshes/RampMaterial.uasset" 532
"C:/Users/Miranda/Documents/GitHub/D3Detetive/d3Detetive/d3Detetive/Content/ThirdPerson/Meshes/RampMaterial.uexp" 533
"C:/Users/Miranda/Documents/GitHub/D3Detetive/d3Detetive/d3Detetive/Content/ThirdPerson/Meshes/RightArm_StaticMesh.uasset" 534
"C:/Users/Miranda/Documents/GitHub/D3Detetive/d3Detetive/d3Detetive/Content/ThirdPerson/Meshes/RightArm_StaticMesh.uexp" 535
"C:/Users/Miranda/Documents/GitHub/D3Detetive/d3Detetive/d3Detetive/Content/ThirdPerson/Meshes/Ramp_StaticMesh.uasset" 536
"C:/Users/Miranda/Documents/GitHub/D3Detetive/d3Detetive/d3Detetive/Content/ThirdPerson/Meshes/Ramp_StaticMesh.uexp" 537
"C:/Users/Miranda/Documents/GitHub/D3Detetive/d3Detetive/d3Detetive/Content/ThirdPerson/Meshes/Linear_Stair_StaticMesh.uasset" 538
"C:/Users/Miranda/Documents/GitHub/D3Detetive/d3Detetive/d3Detetive/Content/ThirdPerson/Meshes/Linear_Stair_StaticMesh.uexp" 539
"C:/Users/Miranda/Documents/GitHub/D3Detetive/d3Detetive/d3Detetive/Content/ThirdPerson/Meshes/LeftArm_StaticMesh.uasset" 540
"C:/Users/Miranda/Documents/GitHub/D3Detetive/d3Detetive/d3Detetive/Content/ThirdPerson/Meshes/LeftArm_StaticMesh.uexp" 541
"C:/Users/Miranda/Documents/GitHub/D3Detetive/d3Detetive/d3Detetive/Content/ThirdPerson/Meshes/Bump_StaticMesh.uasset" 542
"C:/Users/Miranda/Documents/GitHub/D3Detetive/d3Detetive/d3Detetive/Content/ThirdPerson/Meshes/Bump_StaticMesh.uexp" 543
"C:/Users/Miranda/Documents/GitHub/D3Detetive/d3Detetive/d3Detetive/Content/Miranda/Textos/Dialogos/texto.uasset" 544
"C:/Users/Miranda/Documents/GitHub/D3Detetive/d3Detetive/d3Detetive/Content/Miranda/Textos/Dialogos/texto.uexp" 545
"C:/Users/Miranda/Documents/GitHub/D3Detetive/d3Detetive/d3Detetive/Content/Miranda/OBJETOS_INTERATIVOS/Bau/chest-opening-87569.uasset" 546
"C:/Users/Miranda/Documents/GitHub/D3Detetive/d3Detetive/d3Detetive/Content/Miranda/OBJETOS_INTERATIVOS/Bau/chest-opening-87569.uexp" 547
"C:/Users/Miranda/Documents/GitHub/D3Detetive/d3Detetive/d3Detetive/Content/Miranda/OBJETOS_INTERATIVOS/Bau/chest-opening_Cue.uasset" 548
"C:/Users/Miranda/Documents/GitHub/D3Detetive/d3Detetive/d3Detetive/Content/Miranda/OBJETOS_INTERATIVOS/Bau/chest-opening_Cue.uexp" 549
"../../../Engine/Content/EditorBlueprintResources/StandardMacros.uasset" 550
"../../../Engine/Content/EditorBlueprintResources/StandardMacros.uexp" 551
"C:/Users/Miranda/Documents/GitHub/D3Detetive/d3Detetive/d3Detetive/Content/Gothic_Interior/Environment/Asset/Texture/T_Chest_02/T_Chest_02a_ORM.uasset" 552
"C:/Users/Miranda/Documents/GitHub/D3Detetive/d3Detetive/d3Detetive/Content/Gothic_Interior/Environment/Asset/Texture/T_Chest_02/T_Chest_02a_ORM.uexp" 553
"C:/Users/Miranda/Documents/GitHub/D3Detetive/d3Detetive/d3Detetive/Content/Gothic_Interior/Environment/Asset/Texture/T_Chest_02/T_Chest_02a_ORM.ubulk" 554
"C:/Users/Miranda/Documents/GitHub/D3Detetive/d3Detetive/d3Detetive/Content/Gothic_Interior/Environment/Asset/Texture/T_Chest_02/T_Chest_02a_N.uasset" 555
"C:/Users/Miranda/Documents/GitHub/D3Detetive/d3Detetive/d3Detetive/Content/Gothic_Interior/Environment/Asset/Texture/T_Chest_02/T_Chest_02a_N.uexp" 556
"C:/Users/Miranda/Documents/GitHub/D3Detetive/d3Detetive/d3Detetive/Content/Gothic_Interior/Environment/Asset/Texture/T_Chest_02/T_Chest_02a_N.ubulk" 557
"C:/Users/Miranda/Documents/GitHub/D3Detetive/d3Detetive/d3Detetive/Content/Gothic_Interior/Environment/Asset/Texture/T_Chest_02/T_Chest_02a_D.uasset" 558
"C:/Users/Miranda/Documents/GitHub/D3Detetive/d3Detetive/d3Detetive/Content/Gothic_Interior/Environment/Asset/Texture/T_Chest_02/T_Chest_02a_D.uexp" 559
"C:/Users/Miranda/Documents/GitHub/D3Detetive/d3Detetive/d3Detetive/Content/Gothic_Interior/Environment/Asset/Texture/T_Chest_02/T_Chest_02a_D.ubulk" 560
"C:/Users/Miranda/Documents/GitHub/D3Detetive/d3Detetive/d3Detetive/Content/Gothic_Interior/Environment/MasterMaterial/Texture/T_Height_H.uasset" 561
"C:/Users/Miranda/Documents/GitHub/D3Detetive/d3Detetive/d3Detetive/Content/Gothic_Interior/Environment/MasterMaterial/Texture/T_Height_H.uexp" 562
"C:/Users/Miranda/Documents/GitHub/D3Detetive/d3Detetive/d3Detetive/Content/Gothic_Interior/Environment/MasterMaterial/Texture/T_Height_H.ubulk" 563
"../../../Engine/Content/Functions/Engine_MaterialFunctions02/ExampleContent/Textures/newhplaneNormalsMap.uasset" 564
"../../../Engine/Content/Functions/Engine_MaterialFunctions02/ExampleContent/Textures/newhplaneNormalsMap.uexp" 565
"../../../Engine/Content/Functions/Engine_MaterialFunctions02/ExampleContent/Textures/newhplaneNormalsMap.ubulk" 566
"../../../Engine/Content/EngineResources/AICON-Green_Low.uasset" 567
"../../../Engine/Content/EngineResources/AICON-Green_Low.uexp" 568
"../../../Engine/Content/EngineMaterials/DefaultNormal_Uncompressed.uasset" 569
"../../../Engine/Content/EngineMaterials/DefaultNormal_Uncompressed.uexp" 570
"../../../Engine/Content/EngineMaterials/DefaultNormal_Uncompressed.ubulk" 571
"../../../Engine/Content/Functions/Engine_MaterialFunctions02/Math/Transform3x3Matrix.uasset" 572
"../../../Engine/Content/Functions/Engine_MaterialFunctions02/Math/Transform3x3Matrix.uexp" 573
"../../../Engine/Content/Functions/Engine_MaterialFunctions02/Math/CreateThirdOrthogonalVector.uasset" 574
"../../../Engine/Content/Functions/Engine_MaterialFunctions02/Math/CreateThirdOrthogonalVector.uexp" 575
"../../../Engine/Content/Functions/Engine_MaterialFunctions01/Gradient/LinearGradient.uasset" 576
"../../../Engine/Content/Functions/Engine_MaterialFunctions01/Gradient/LinearGradient.uexp" 577
"../../../Engine/Content/Functions/Engine_MaterialFunctions01/ImageAdjustment/CheapContrast.uasset" 578
"../../../Engine/Content/Functions/Engine_MaterialFunctions01/ImageAdjustment/CheapContrast.uexp" 579
"../../../Engine/Content/Functions/Engine_MaterialFunctions02/WorldAlignedNormals_HighQuality.uasset" 580
"../../../Engine/Content/Functions/Engine_MaterialFunctions02/WorldAlignedNormals_HighQuality.uexp" 581
"C:/Users/Miranda/Documents/GitHub/D3Detetive/d3Detetive/d3Detetive/Content/Gothic_Interior/Environment/MasterMaterial/Material_Function/MF_WorldAlignedNormal.uasset" 582
"C:/Users/Miranda/Documents/GitHub/D3Detetive/d3Detetive/d3Detetive/Content/Gothic_Interior/Environment/MasterMaterial/Material_Function/MF_WorldAlignedNormal.uexp" 583
"C:/Users/Miranda/Documents/GitHub/D3Detetive/d3Detetive/d3Detetive/Content/Gothic_Interior/Environment/MasterMaterial/Texture/T_Water_N.uasset" 584
"C:/Users/Miranda/Documents/GitHub/D3Detetive/d3Detetive/d3Detetive/Content/Gothic_Interior/Environment/MasterMaterial/Texture/T_Water_N.uexp" 585
"C:/Users/Miranda/Documents/GitHub/D3Detetive/d3Detetive/d3Detetive/Content/Gothic_Interior/Environment/MasterMaterial/Texture/T_Water_N.ubulk" 586
"C:/Users/Miranda/Documents/GitHub/D3Detetive/d3Detetive/d3Detetive/Content/Gothic_Interior/Environment/MasterMaterial/Texture/T_Grunge/T_Grunge_03a.uasset" 587
"C:/Users/Miranda/Documents/GitHub/D3Detetive/d3Detetive/d3Detetive/Content/Gothic_Interior/Environment/MasterMaterial/Texture/T_Grunge/T_Grunge_03a.uexp" 588
"C:/Users/Miranda/Documents/GitHub/D3Detetive/d3Detetive/d3Detetive/Content/Gothic_Interior/Environment/MasterMaterial/Texture/T_Grunge/T_Grunge_03a.ubulk" 589
"C:/Users/Miranda/Documents/GitHub/D3Detetive/d3Detetive/d3Detetive/Content/Gothic_Interior/Environment/MasterMaterial/Texture/T_rain_ripples.uasset" 590
"C:/Users/Miranda/Documents/GitHub/D3Detetive/d3Detetive/d3Detetive/Content/Gothic_Interior/Environment/MasterMaterial/Texture/T_rain_ripples.uexp" 591
"C:/Users/Miranda/Documents/GitHub/D3Detetive/d3Detetive/d3Detetive/Content/Gothic_Interior/Environment/MasterMaterial/Texture/T_rain_ripples.ubulk" 592
"../../../Engine/Content/Functions/Engine_MaterialFunctions02/Math/Pi.uasset" 593
"../../../Engine/Content/Functions/Engine_MaterialFunctions02/Math/Pi.uexp" 594
"C:/Users/Miranda/Documents/GitHub/D3Detetive/d3Detetive/d3Detetive/Content/Gothic_Interior/Environment/MasterMaterial/Material_Function/MF_Ripple.uasset" 595
"C:/Users/Miranda/Documents/GitHub/D3Detetive/d3Detetive/d3Detetive/Content/Gothic_Interior/Environment/MasterMaterial/Material_Function/MF_Ripple.uexp" 596
"../../../Engine/Content/Functions/Engine_MaterialFunctions02/Utility/AppendMany.uasset" 597
"../../../Engine/Content/Functions/Engine_MaterialFunctions02/Utility/AppendMany.uexp" 598
"C:/Users/Miranda/Documents/GitHub/D3Detetive/d3Detetive/d3Detetive/Content/Gothic_Interior/Environment/MasterMaterial/Material_Function/MF_FourNormalCombine.uasset" 599
"C:/Users/Miranda/Documents/GitHub/D3Detetive/d3Detetive/d3Detetive/Content/Gothic_Interior/Environment/MasterMaterial/Material_Function/MF_FourNormalCombine.uexp" 600
"C:/Users/Miranda/Documents/GitHub/D3Detetive/d3Detetive/d3Detetive/Content/Gothic_Interior/Environment/MasterMaterial/Material_Function/MF_RippleS.uasset" 601
"C:/Users/Miranda/Documents/GitHub/D3Detetive/d3Detetive/d3Detetive/Content/Gothic_Interior/Environment/MasterMaterial/Material_Function/MF_RippleS.uexp" 602
"C:/Users/Miranda/Documents/GitHub/D3Detetive/d3Detetive/d3Detetive/Content/Gothic_Interior/Environment/MasterMaterial/Material_Function/MF_Wetness.uasset" 603
"C:/Users/Miranda/Documents/GitHub/D3Detetive/d3Detetive/d3Detetive/Content/Gothic_Interior/Environment/MasterMaterial/Material_Function/MF_Wetness.uexp" 604
"C:/Users/Miranda/Documents/GitHub/D3Detetive/d3Detetive/d3Detetive/Content/Gothic_Interior/Environment/MasterMaterial/Material_Function/MF_Vertexpaint.uasset" 605
"C:/Users/Miranda/Documents/GitHub/D3Detetive/d3Detetive/d3Detetive/Content/Gothic_Interior/Environment/MasterMaterial/Material_Function/MF_Vertexpaint.uexp" 606
"../../../Engine/Content/Functions/Engine_MaterialFunctions02/Utility/BlendAngleCorrectedNormals.uasset" 607
"../../../Engine/Content/Functions/Engine_MaterialFunctions02/Utility/BlendAngleCorrectedNormals.uexp" 608
"C:/Users/Miranda/Documents/GitHub/D3Detetive/d3Detetive/d3Detetive/Content/Gothic_Interior/Environment/MasterMaterial/Material_Function/MF_Upvector.uasset" 609
"C:/Users/Miranda/Documents/GitHub/D3Detetive/d3Detetive/d3Detetive/Content/Gothic_Interior/Environment/MasterMaterial/Material_Function/MF_Upvector.uexp" 610
"C:/Users/Miranda/Documents/GitHub/D3Detetive/d3Detetive/d3Detetive/Content/Gothic_Interior/Environment/MasterMaterial/Material_Function/MF_ScaleBaseTile.uasset" 611
"C:/Users/Miranda/Documents/GitHub/D3Detetive/d3Detetive/d3Detetive/Content/Gothic_Interior/Environment/MasterMaterial/Material_Function/MF_ScaleBaseTile.uexp" 612
"C:/Users/Miranda/Documents/GitHub/D3Detetive/d3Detetive/d3Detetive/Content/Gothic_Interior/Environment/MasterMaterial/Material_Function/MF_MatLayerBlend.uasset" 613
"C:/Users/Miranda/Documents/GitHub/D3Detetive/d3Detetive/d3Detetive/Content/Gothic_Interior/Environment/MasterMaterial/Material_Function/MF_MatLayerBlend.uexp" 614
"../../../Engine/Content/Functions/Engine_MaterialFunctions01/Texturing/WorldAlignedTexture.uasset" 615
"../../../Engine/Content/Functions/Engine_MaterialFunctions01/Texturing/WorldAlignedTexture.uexp" 616
"../../../Engine/Content/EngineProduction/ReferenceNormalMap.uasset" 617
"../../../Engine/Content/EngineProduction/ReferenceNormalMap.uexp" 618
"../../../Engine/Content/EngineProduction/ReferenceNormalMap.ubulk" 619
"../../../Engine/Content/Functions/Engine_MaterialFunctions01/Texturing/WorldAlignedNormal2.uasset" 620
"../../../Engine/Content/Functions/Engine_MaterialFunctions01/Texturing/WorldAlignedNormal2.uexp" 621
"C:/Users/Miranda/Documents/GitHub/D3Detetive/d3Detetive/d3Detetive/Content/Gothic_Interior/Environment/MasterMaterial/Texture/T_Mask_ORM.uasset" 622
"C:/Users/Miranda/Documents/GitHub/D3Detetive/d3Detetive/d3Detetive/Content/Gothic_Interior/Environment/MasterMaterial/Texture/T_Mask_ORM.uexp" 623
"C:/Users/Miranda/Documents/GitHub/D3Detetive/d3Detetive/d3Detetive/Content/Gothic_Interior/Environment/MasterMaterial/Texture/T_TintMask_02_TM.uasset" 624
"C:/Users/Miranda/Documents/GitHub/D3Detetive/d3Detetive/d3Detetive/Content/Gothic_Interior/Environment/MasterMaterial/Texture/T_TintMask_02_TM.uexp" 625
"C:/Users/Miranda/Documents/GitHub/D3Detetive/d3Detetive/d3Detetive/Content/Gothic_Interior/Environment/MasterMaterial/Texture/T_TintMask_02_TM.ubulk" 626
"C:/Users/Miranda/Documents/GitHub/D3Detetive/d3Detetive/d3Detetive/Content/Gothic_Interior/Environment/MasterMaterial/Texture/T_TintMask_01_TM.uasset" 627
"C:/Users/Miranda/Documents/GitHub/D3Detetive/d3Detetive/d3Detetive/Content/Gothic_Interior/Environment/MasterMaterial/Texture/T_TintMask_01_TM.uexp" 628
"C:/Users/Miranda/Documents/GitHub/D3Detetive/d3Detetive/d3Detetive/Content/Gothic_Interior/Environment/MasterMaterial/Texture/T_TintMask_01_TM.ubulk" 629
"C:/Users/Miranda/Documents/GitHub/D3Detetive/d3Detetive/d3Detetive/Content/Gothic_Interior/Environment/MasterMaterial/Material_Function/MF_Masterlayer.uasset" 630
"C:/Users/Miranda/Documents/GitHub/D3Detetive/d3Detetive/d3Detetive/Content/Gothic_Interior/Environment/MasterMaterial/Material_Function/MF_Masterlayer.uexp" 631
"C:/Users/Miranda/Documents/GitHub/D3Detetive/d3Detetive/d3Detetive/Content/Gothic_Interior/Environment/MasterMaterial/Material_Function/MF_MacroNormal.uasset" 632
"C:/Users/Miranda/Documents/GitHub/D3Detetive/d3Detetive/d3Detetive/Content/Gothic_Interior/Environment/MasterMaterial/Material_Function/MF_MacroNormal.uexp" 633
"../../../Engine/Content/EngineMaterials/BlendFunc_DefBlend.uasset" 634
"../../../Engine/Content/EngineMaterials/BlendFunc_DefBlend.uexp" 635
"../../../Engine/Content/EngineMaterials/BlendFunc_DefBase.uasset" 636
"../../../Engine/Content/EngineMaterials/BlendFunc_DefBase.uexp" 637
"../../../Engine/Content/Functions/Engine_MaterialFunctions03/Blends/Blend_Overlay.uasset" 638
"../../../Engine/Content/Functions/Engine_MaterialFunctions03/Blends/Blend_Overlay.uexp" 639
"C:/Users/Miranda/Documents/GitHub/D3Detetive/d3Detetive/d3Detetive/Content/Gothic_Interior/Environment/MasterMaterial/Material_Function/MF_MacroAlbedo.uasset" 640
"C:/Users/Miranda/Documents/GitHub/D3Detetive/d3Detetive/d3Detetive/Content/Gothic_Interior/Environment/MasterMaterial/Material_Function/MF_MacroAlbedo.uexp" 641
"C:/Users/Miranda/Documents/GitHub/D3Detetive/d3Detetive/d3Detetive/Content/Gothic_Interior/Environment/MasterMaterial/Material_Function/MF_HeightExtracted.uasset" 642
"C:/Users/Miranda/Documents/GitHub/D3Detetive/d3Detetive/d3Detetive/Content/Gothic_Interior/Environment/MasterMaterial/Material_Function/MF_HeightExtracted.uexp" 643
"../../../Engine/Content/Functions/Engine_MaterialFunctions01/Shading/FuzzyShading.uasset" 644
"../../../Engine/Content/Functions/Engine_MaterialFunctions01/Shading/FuzzyShading.uexp" 645
"C:/Users/Miranda/Documents/GitHub/D3Detetive/d3Detetive/d3Detetive/Content/Gothic_Interior/Environment/MasterMaterial/Material_Function/MF_FuzzyMasterlayer.uasset" 646
"C:/Users/Miranda/Documents/GitHub/D3Detetive/d3Detetive/d3Detetive/Content/Gothic_Interior/Environment/MasterMaterial/Material_Function/MF_FuzzyMasterlayer.uexp" 647
"C:/Users/Miranda/Documents/GitHub/D3Detetive/d3Detetive/d3Detetive/Content/Gothic_Interior/Environment/MasterMaterial/Material_Function/MF_AODirt.uasset" 648
"C:/Users/Miranda/Documents/GitHub/D3Detetive/d3Detetive/d3Detetive/Content/Gothic_Interior/Environment/MasterMaterial/Material_Function/MF_AODirt.uexp" 649
"../../../Engine/Content/Functions/Engine_MaterialFunctions02/Math/InverseTransformMatrix.uasset" 650
"../../../Engine/Content/Functions/Engine_MaterialFunctions02/Math/InverseTransformMatrix.uexp" 651
"../../../Engine/Content/Functions/Engine_MaterialFunctions02/Math/TransformToZVector.uasset" 652
"../../../Engine/Content/Functions/Engine_MaterialFunctions02/Math/TransformToZVector.uexp" 653
"../../../Engine/Content/EngineVolumetrics/Fogsheet/Materials/T_EV_BlankWhite_01.uasset" 654
"../../../Engine/Content/EngineVolumetrics/Fogsheet/Materials/T_EV_BlankWhite_01.uexp" 655
"../../../Engine/Content/Functions/Engine_MaterialFunctions01/Texturing/ParallaxOcclusionMapping.uasset" 656
"../../../Engine/Content/Functions/Engine_MaterialFunctions01/Texturing/ParallaxOcclusionMapping.uexp" 657
"C:/Users/Miranda/Documents/GitHub/D3Detetive/d3Detetive/d3Detetive/Content/Gothic_Interior/Environment/MasterMaterial/Texture/T_Grunge/T_Grunge_02a.uasset" 658
"C:/Users/Miranda/Documents/GitHub/D3Detetive/d3Detetive/d3Detetive/Content/Gothic_Interior/Environment/MasterMaterial/Texture/T_Grunge/T_Grunge_02a.uexp" 659
"C:/Users/Miranda/Documents/GitHub/D3Detetive/d3Detetive/d3Detetive/Content/Gothic_Interior/Environment/MasterMaterial/Texture/T_Grunge/T_Grunge_02a.ubulk" 660
"../../../Engine/Content/EngineResources/Gray.uasset" 661
"../../../Engine/Content/EngineResources/Gray.uexp" 662
"C:/Users/Miranda/Documents/GitHub/D3Detetive/d3Detetive/d3Detetive/Content/Gothic_Interior/Environment/MasterMaterial/Material/MM_MaterMaterial.uasset" 663
"C:/Users/Miranda/Documents/GitHub/D3Detetive/d3Detetive/d3Detetive/Content/Gothic_Interior/Environment/MasterMaterial/Material/MM_MaterMaterial.uexp" 664
"C:/Users/Miranda/Documents/GitHub/D3Detetive/d3Detetive/d3Detetive/Content/Gothic_Interior/Environment/Asset/Material/MI_Chest_02a.uasset" 665
"C:/Users/Miranda/Documents/GitHub/D3Detetive/d3Detetive/d3Detetive/Content/Gothic_Interior/Environment/Asset/Material/MI_Chest_02a.uexp" 666
"C:/Users/Miranda/Documents/GitHub/D3Detetive/d3Detetive/d3Detetive/Content/Gothic_Interior/Environment/Asset/Mesh/openable/SM_Chest_Open_02b.uasset" 667
"C:/Users/Miranda/Documents/GitHub/D3Detetive/d3Detetive/d3Detetive/Content/Gothic_Interior/Environment/Asset/Mesh/openable/SM_Chest_Open_02b.uexp" 668
"C:/Users/Miranda/Documents/GitHub/D3Detetive/d3Detetive/d3Detetive/Content/Gothic_Interior/Environment/Asset/Mesh/openable/SM_Chest_Open_02a.uasset" 669
"C:/Users/Miranda/Documents/GitHub/D3Detetive/d3Detetive/d3Detetive/Content/Gothic_Interior/Environment/Asset/Mesh/openable/SM_Chest_Open_02a.uexp" 670
"C:/Users/Miranda/Documents/GitHub/D3Detetive/d3Detetive/d3Detetive/Content/Miranda/OBJETOS_INTERATIVOS/Bau/Bau.uasset" 671
"C:/Users/Miranda/Documents/GitHub/D3Detetive/d3Detetive/d3Detetive/Content/Miranda/OBJETOS_INTERATIVOS/Bau/Bau.uexp" 672
"C:/Users/Miranda/Documents/GitHub/D3Detetive/d3Detetive/d3Detetive/Content/Gothic_Interior/Environment/Asset/Texture/T_Doubledoor_Cupboard_01/T_Doubledoor_Cupboard_01a_ORM.uasset" 673
"C:/Users/Miranda/Documents/GitHub/D3Detetive/d3Detetive/d3Detetive/Content/Gothic_Interior/Environment/Asset/Texture/T_Doubledoor_Cupboard_01/T_Doubledoor_Cupboard_01a_ORM.uexp" 674
"C:/Users/Miranda/Documents/GitHub/D3Detetive/d3Detetive/d3Detetive/Content/Gothic_Interior/Environment/Asset/Texture/T_Doubledoor_Cupboard_01/T_Doubledoor_Cupboard_01a_ORM.ubulk" 675
"C:/Users/Miranda/Documents/GitHub/D3Detetive/d3Detetive/d3Detetive/Content/Gothic_Interior/Environment/Asset/Texture/T_Doubledoor_Cupboard_01/T_Doubledoor_Cupboard_01a_N.uasset" 676
"C:/Users/Miranda/Documents/GitHub/D3Detetive/d3Detetive/d3Detetive/Content/Gothic_Interior/Environment/Asset/Texture/T_Doubledoor_Cupboard_01/T_Doubledoor_Cupboard_01a_N.uexp" 677
"C:/Users/Miranda/Documents/GitHub/D3Detetive/d3Detetive/d3Detetive/Content/Gothic_Interior/Environment/Asset/Texture/T_Doubledoor_Cupboard_01/T_Doubledoor_Cupboard_01a_N.ubulk" 678
"C:/Users/Miranda/Documents/GitHub/D3Detetive/d3Detetive/d3Detetive/Content/Gothic_Interior/Environment/Asset/Texture/T_Doubledoor_Cupboard_01/T_Doubledoor_Cupboard_01a_D.uasset" 679
"C:/Users/Miranda/Documents/GitHub/D3Detetive/d3Detetive/d3Detetive/Content/Gothic_Interior/Environment/Asset/Texture/T_Doubledoor_Cupboard_01/T_Doubledoor_Cupboard_01a_D.uexp" 680
"C:/Users/Miranda/Documents/GitHub/D3Detetive/d3Detetive/d3Detetive/Content/Gothic_Interior/Environment/Asset/Texture/T_Doubledoor_Cupboard_01/T_Doubledoor_Cupboard_01a_D.ubulk" 681
"C:/Users/Miranda/Documents/GitHub/D3Detetive/d3Detetive/d3Detetive/Content/Gothic_Interior/Environment/Asset/Material/MI_Doubledoor_Cupboard_01a.uasset" 682
"C:/Users/Miranda/Documents/GitHub/D3Detetive/d3Detetive/d3Detetive/Content/Gothic_Interior/Environment/Asset/Material/MI_Doubledoor_Cupboard_01a.uexp" 683
"C:/Users/Miranda/Documents/GitHub/D3Detetive/d3Detetive/d3Detetive/Content/Gothic_Interior/Environment/Asset/Mesh/openable/SM_Doubledoor_Cupboard_Open_01c.uasset" 684
"C:/Users/Miranda/Documents/GitHub/D3Detetive/d3Detetive/d3Detetive/Content/Gothic_Interior/Environment/Asset/Mesh/openable/SM_Doubledoor_Cupboard_Open_01c.uexp" 685
"C:/Users/Miranda/Documents/GitHub/D3Detetive/d3Detetive/d3Detetive/Content/Gothic_Interior/Environment/Asset/Mesh/openable/SM_Doubledoor_Cupboard_Open_01b.uasset" 686
"C:/Users/Miranda/Documents/GitHub/D3Detetive/d3Detetive/d3Detetive/Content/Gothic_Interior/Environment/Asset/Mesh/openable/SM_Doubledoor_Cupboard_Open_01b.uexp" 687
"C:/Users/Miranda/Documents/GitHub/D3Detetive/d3Detetive/d3Detetive/Content/Gothic_Interior/Environment/Asset/Mesh/openable/SM_Doubledoor_Cupboard_Open_01a.uasset" 688
"C:/Users/Miranda/Documents/GitHub/D3Detetive/d3Detetive/d3Detetive/Content/Gothic_Interior/Environment/Asset/Mesh/openable/SM_Doubledoor_Cupboard_Open_01a.uexp" 689
"C:/Users/Miranda/Documents/GitHub/D3Detetive/d3Detetive/d3Detetive/Content/Geometry/Meshes/CubeMaterial.uasset" 690
"C:/Users/Miranda/Documents/GitHub/D3Detetive/d3Detetive/d3Detetive/Content/Geometry/Meshes/CubeMaterial.uexp" 691
"C:/Users/Miranda/Documents/GitHub/D3Detetive/d3Detetive/d3Detetive/Content/Geometry/Meshes/1M_Cube.uasset" 692
"C:/Users/Miranda/Documents/GitHub/D3Detetive/d3Detetive/d3Detetive/Content/Geometry/Meshes/1M_Cube.uexp" 693
"C:/Users/Miranda/Documents/GitHub/D3Detetive/d3Detetive/d3Detetive/Content/Miranda/OBJETOS_INTERATIVOS/Armario/Armario_Madeira1.uasset" 694
"C:/Users/Miranda/Documents/GitHub/D3Detetive/d3Detetive/d3Detetive/Content/Miranda/OBJETOS_INTERATIVOS/Armario/Armario_Madeira1.uexp" 695
"C:/Users/Miranda/Documents/GitHub/D3Detetive/d3Detetive/d3Detetive/Content/Gothic_Interior/Environment/Asset/Texture/T_Door_03/T_door_03a_ORM.uasset" 696
"C:/Users/Miranda/Documents/GitHub/D3Detetive/d3Detetive/d3Detetive/Content/Gothic_Interior/Environment/Asset/Texture/T_Door_03/T_door_03a_ORM.uexp" 697
"C:/Users/Miranda/Documents/GitHub/D3Detetive/d3Detetive/d3Detetive/Content/Gothic_Interior/Environment/Asset/Texture/T_Door_03/T_door_03a_ORM.ubulk" 698
"C:/Users/Miranda/Documents/GitHub/D3Detetive/d3Detetive/d3Detetive/Content/Gothic_Interior/Environment/Asset/Texture/T_Door_03/T_door_03a_N.uasset" 699
"C:/Users/Miranda/Documents/GitHub/D3Detetive/d3Detetive/d3Detetive/Content/Gothic_Interior/Environment/Asset/Texture/T_Door_03/T_door_03a_N.uexp" 700
"C:/Users/Miranda/Documents/GitHub/D3Detetive/d3Detetive/d3Detetive/Content/Gothic_Interior/Environment/Asset/Texture/T_Door_03/T_door_03a_N.ubulk" 701
"C:/Users/Miranda/Documents/GitHub/D3Detetive/d3Detetive/d3Detetive/Content/Gothic_Interior/Environment/Asset/Texture/T_Door_03/T_door_03a_D.uasset" 702
"C:/Users/Miranda/Documents/GitHub/D3Detetive/d3Detetive/d3Detetive/Content/Gothic_Interior/Environment/Asset/Texture/T_Door_03/T_door_03a_D.uexp" 703
"C:/Users/Miranda/Documents/GitHub/D3Detetive/d3Detetive/d3Detetive/Content/Gothic_Interior/Environment/Asset/Texture/T_Door_03/T_door_03a_D.ubulk" 704
"C:/Users/Miranda/Documents/GitHub/D3Detetive/d3Detetive/d3Detetive/Content/Gothic_Interior/Environment/Asset/Material/MI_door_03a.uasset" 705
"C:/Users/Miranda/Documents/GitHub/D3Detetive/d3Detetive/d3Detetive/Content/Gothic_Interior/Environment/Asset/Material/MI_door_03a.uexp" 706
"C:/Users/Miranda/Documents/GitHub/D3Detetive/d3Detetive/d3Detetive/Content/Gothic_Interior/Environment/Asset/Mesh/SM_Door_03b.uasset" 707
"C:/Users/Miranda/Documents/GitHub/D3Detetive/d3Detetive/d3Detetive/Content/Gothic_Interior/Environment/Asset/Mesh/SM_Door_03b.uexp" 708
"C:/Users/Miranda/Documents/GitHub/D3Detetive/d3Detetive/d3Detetive/Content/Miranda/OBJETOS_INTERATIVOS/PORTAS/Porta_Madeira1.uasset" 709
"C:/Users/Miranda/Documents/GitHub/D3Detetive/d3Detetive/d3Detetive/Content/Miranda/OBJETOS_INTERATIVOS/PORTAS/Porta_Madeira1.uexp" 710
"C:/Users/Miranda/Documents/GitHub/D3Detetive/d3Detetive/d3Detetive/Content/Mannequin/Character/Mesh/SK_Mannequin_PhysicsAsset.uasset" 711
"C:/Users/Miranda/Documents/GitHub/D3Detetive/d3Detetive/d3Detetive/Content/Mannequin/Character/Mesh/SK_Mannequin_PhysicsAsset.uexp" 712
"C:/Users/Miranda/Documents/GitHub/D3Detetive/d3Detetive/d3Detetive/Content/Mannequin/Character/Textures/T_UE4Logo_N.uasset" 713
"C:/Users/Miranda/Documents/GitHub/D3Detetive/d3Detetive/d3Detetive/Content/Mannequin/Character/Textures/T_UE4Logo_N.uexp" 714
"C:/Users/Miranda/Documents/GitHub/D3Detetive/d3Detetive/d3Detetive/Content/Mannequin/Character/Textures/T_UE4Logo_N.ubulk" 715
"C:/Users/Miranda/Documents/GitHub/D3Detetive/d3Detetive/d3Detetive/Content/Mannequin/Character/Textures/T_UE4Logo_Mask.uasset" 716
"C:/Users/Miranda/Documents/GitHub/D3Detetive/d3Detetive/d3Detetive/Content/Mannequin/Character/Textures/T_UE4Logo_Mask.uexp" 717
"C:/Users/Miranda/Documents/GitHub/D3Detetive/d3Detetive/d3Detetive/Content/Mannequin/Character/Textures/T_UE4Logo_Mask.ubulk" 718
"C:/Users/Miranda/Documents/GitHub/D3Detetive/d3Detetive/d3Detetive/Content/Mannequin/Character/Textures/T_Male_N.uasset" 719
"C:/Users/Miranda/Documents/GitHub/D3Detetive/d3Detetive/d3Detetive/Content/Mannequin/Character/Textures/T_Male_N.uexp" 720
"C:/Users/Miranda/Documents/GitHub/D3Detetive/d3Detetive/d3Detetive/Content/Mannequin/Character/Textures/T_Male_N.ubulk" 721
"C:/Users/Miranda/Documents/GitHub/D3Detetive/d3Detetive/d3Detetive/Content/Mannequin/Character/Textures/T_Male_Mask.uasset" 722
"C:/Users/Miranda/Documents/GitHub/D3Detetive/d3Detetive/d3Detetive/Content/Mannequin/Character/Textures/T_Male_Mask.uexp" 723
"C:/Users/Miranda/Documents/GitHub/D3Detetive/d3Detetive/d3Detetive/Content/Mannequin/Character/Textures/T_Male_Mask.ubulk" 724
"C:/Users/Miranda/Documents/GitHub/D3Detetive/d3Detetive/d3Detetive/Content/Mannequin/Character/Materials/MaterialLayers/T_ML_Rubber_Blue_01_N.uasset" 725
"C:/Users/Miranda/Documents/GitHub/D3Detetive/d3Detetive/d3Detetive/Content/Mannequin/Character/Materials/MaterialLayers/T_ML_Rubber_Blue_01_N.uexp" 726
"C:/Users/Miranda/Documents/GitHub/D3Detetive/d3Detetive/d3Detetive/Content/Mannequin/Character/Materials/MaterialLayers/T_ML_Rubber_Blue_01_N.ubulk" 727
"C:/Users/Miranda/Documents/GitHub/D3Detetive/d3Detetive/d3Detetive/Content/Mannequin/Character/Materials/MaterialLayers/T_ML_Rubber_Blue_01_D.uasset" 728
"C:/Users/Miranda/Documents/GitHub/D3Detetive/d3Detetive/d3Detetive/Content/Mannequin/Character/Materials/MaterialLayers/T_ML_Rubber_Blue_01_D.uexp" 729
"C:/Users/Miranda/Documents/GitHub/D3Detetive/d3Detetive/d3Detetive/Content/Mannequin/Character/Materials/MaterialLayers/T_ML_Rubber_Blue_01_D.ubulk" 730
"C:/Users/Miranda/Documents/GitHub/D3Detetive/d3Detetive/d3Detetive/Content/Mannequin/Character/Materials/MaterialLayers/T_ML_Aluminum01_N.uasset" 731
"C:/Users/Miranda/Documents/GitHub/D3Detetive/d3Detetive/d3Detetive/Content/Mannequin/Character/Materials/MaterialLayers/T_ML_Aluminum01_N.uexp" 732
"C:/Users/Miranda/Documents/GitHub/D3Detetive/d3Detetive/d3Detetive/Content/Mannequin/Character/Materials/MaterialLayers/T_ML_Aluminum01_N.ubulk" 733
"C:/Users/Miranda/Documents/GitHub/D3Detetive/d3Detetive/d3Detetive/Content/Mannequin/Character/Materials/MaterialLayers/T_ML_Aluminum01.uasset" 734
"C:/Users/Miranda/Documents/GitHub/D3Detetive/d3Detetive/d3Detetive/Content/Mannequin/Character/Materials/MaterialLayers/T_ML_Aluminum01.uexp" 735
"C:/Users/Miranda/Documents/GitHub/D3Detetive/d3Detetive/d3Detetive/Content/Mannequin/Character/Materials/MaterialLayers/T_ML_Aluminum01.ubulk" 736
"C:/Users/Miranda/Documents/GitHub/D3Detetive/d3Detetive/d3Detetive/Content/Mannequin/Character/Materials/MaterialLayers/ML_SoftMetal_UE4.uasset" 737
"C:/Users/Miranda/Documents/GitHub/D3Detetive/d3Detetive/d3Detetive/Content/Mannequin/Character/Materials/MaterialLayers/ML_SoftMetal_UE4.uexp" 738
"C:/Users/Miranda/Documents/GitHub/D3Detetive/d3Detetive/d3Detetive/Content/Mannequin/Character/Materials/MaterialLayers/ML_Plastic_Shiny_Beige_LOGO.uasset" 739
"C:/Users/Miranda/Documents/GitHub/D3Detetive/d3Detetive/d3Detetive/Content/Mannequin/Character/Materials/MaterialLayers/ML_Plastic_Shiny_Beige_LOGO.uexp" 740
"C:/Users/Miranda/Documents/GitHub/D3Detetive/d3Detetive/d3Detetive/Content/Mannequin/Character/Materials/MaterialLayers/ML_Plastic_Shiny_Beige.uasset" 741
"C:/Users/Miranda/Documents/GitHub/D3Detetive/d3Detetive/d3Detetive/Content/Mannequin/Character/Materials/MaterialLayers/ML_Plastic_Shiny_Beige.uexp" 742
"C:/Users/Miranda/Documents/GitHub/D3Detetive/d3Detetive/d3Detetive/Content/Mannequin/Character/Materials/MaterialLayers/ML_GlossyBlack_Latex_UE4.uasset" 743
"C:/Users/Miranda/Documents/GitHub/D3Detetive/d3Detetive/d3Detetive/Content/Mannequin/Character/Materials/MaterialLayers/ML_GlossyBlack_Latex_UE4.uexp" 744
"../../../Engine/Content/Functions/MaterialLayerFunctions/MatLayerBlend_Simple.uasset" 745
"../../../Engine/Content/Functions/MaterialLayerFunctions/MatLayerBlend_Simple.uexp" 746
"../../../Engine/Content/Functions/MaterialLayerFunctions/MatLayerBlend_NormalBlend.uasset" 747
"../../../Engine/Content/Functions/MaterialLayerFunctions/MatLayerBlend_NormalBlend.uexp" 748
"C:/Users/Miranda/Documents/GitHub/D3Detetive/d3Detetive/d3Detetive/Content/Mannequin/Character/Materials/M_Male_Body.uasset" 749
"C:/Users/Miranda/Documents/GitHub/D3Detetive/d3Detetive/d3Detetive/Content/Mannequin/Character/Materials/M_Male_Body.uexp" 750
"C:/Users/Miranda/Documents/GitHub/D3Detetive/d3Detetive/d3Detetive/Content/Mannequin/Character/Materials/M_UE4Man_ChestLogo.uasset" 751
"C:/Users/Miranda/Documents/GitHub/D3Detetive/d3Detetive/d3Detetive/Content/Mannequin/Character/Materials/M_UE4Man_ChestLogo.uexp" 752
"C:/Users/Miranda/Documents/GitHub/D3Detetive/d3Detetive/d3Detetive/Content/Mannequin/Character/Mesh/UE4_Mannequin_Skeleton.uasset" 753
"C:/Users/Miranda/Documents/GitHub/D3Detetive/d3Detetive/d3Detetive/Content/Mannequin/Character/Mesh/UE4_Mannequin_Skeleton.uexp" 754
"C:/Users/Miranda/Documents/GitHub/D3Detetive/d3Detetive/d3Detetive/Content/Mannequin/Character/Mesh/SK_Mannequin.uasset" 755
"C:/Users/Miranda/Documents/GitHub/D3Detetive/d3Detetive/d3Detetive/Content/Mannequin/Character/Mesh/SK_Mannequin.uexp" 756
"C:/Users/Miranda/Documents/GitHub/D3Detetive/d3Detetive/d3Detetive/Content/Mannequin/Animations/ThirdPersonWalk.uasset" 757
"C:/Users/Miranda/Documents/GitHub/D3Detetive/d3Detetive/d3Detetive/Content/Mannequin/Animations/ThirdPersonWalk.uexp" 758
"C:/Users/Miranda/Documents/GitHub/D3Detetive/d3Detetive/d3Detetive/Content/Mannequin/Animations/ThirdPersonRun.uasset" 759
"C:/Users/Miranda/Documents/GitHub/D3Detetive/d3Detetive/d3Detetive/Content/Mannequin/Animations/ThirdPersonRun.uexp" 760
"C:/Users/Miranda/Documents/GitHub/D3Detetive/d3Detetive/d3Detetive/Content/Mannequin/Animations/ThirdPersonIdle.uasset" 761
"C:/Users/Miranda/Documents/GitHub/D3Detetive/d3Detetive/d3Detetive/Content/Mannequin/Animations/ThirdPersonIdle.uexp" 762
"C:/Users/Miranda/Documents/GitHub/D3Detetive/d3Detetive/d3Detetive/Content/Mannequin/Animations/ThirdPerson_IdleRun_2D.uasset" 763
"C:/Users/Miranda/Documents/GitHub/D3Detetive/d3Detetive/d3Detetive/Content/Mannequin/Animations/ThirdPerson_IdleRun_2D.uexp" 764
"C:/Users/Miranda/Documents/GitHub/D3Detetive/d3Detetive/d3Detetive/Content/Mannequin/Animations/ThirdPerson_Jump.uasset" 765
"C:/Users/Miranda/Documents/GitHub/D3Detetive/d3Detetive/d3Detetive/Content/Mannequin/Animations/ThirdPerson_Jump.uexp" 766
"C:/Users/Miranda/Documents/GitHub/D3Detetive/d3Detetive/d3Detetive/Content/Mannequin/Animations/ThirdPersonJump_Start.uasset" 767
"C:/Users/Miranda/Documents/GitHub/D3Detetive/d3Detetive/d3Detetive/Content/Mannequin/Animations/ThirdPersonJump_Start.uexp" 768
"C:/Users/Miranda/Documents/GitHub/D3Detetive/d3Detetive/d3Detetive/Content/Mannequin/Animations/ThirdPersonJump_Loop.uasset" 769
"C:/Users/Miranda/Documents/GitHub/D3Detetive/d3Detetive/d3Detetive/Content/Mannequin/Animations/ThirdPersonJump_Loop.uexp" 770
"../../../Engine/Content/Animation/DefaultAnimCurveCompressionSettings.uasset" 771
"../../../Engine/Content/Animation/DefaultAnimCurveCompressionSettings.uexp" 772
"../../../Engine/Content/Animation/DefaultAnimBoneCompressionSettings.uasset" 773
"../../../Engine/Content/Animation/DefaultAnimBoneCompressionSettings.uexp" 774
"C:/Users/Miranda/Documents/GitHub/D3Detetive/d3Detetive/d3Detetive/Content/Animations/CrouchedLocomotion/Crouching_Idle.uasset" 775
"C:/Users/Miranda/Documents/GitHub/D3Detetive/d3Detetive/d3Detetive/Content/Animations/CrouchedLocomotion/Crouching_Idle.uexp" 776
"C:/Users/Miranda/Documents/GitHub/D3Detetive/d3Detetive/d3Detetive/Content/Animations/CrouchedLocomotion/Crouched_Walking.uasset" 777
"C:/Users/Miranda/Documents/GitHub/D3Detetive/d3Detetive/d3Detetive/Content/Animations/CrouchedLocomotion/Crouched_Walking.uexp" 778
"C:/Users/Miranda/Documents/GitHub/D3Detetive/d3Detetive/d3Detetive/Content/Animations/CrouchedLocomotion/CrouchBS.uasset" 779
"C:/Users/Miranda/Documents/GitHub/D3Detetive/d3Detetive/d3Detetive/Content/Animations/CrouchedLocomotion/CrouchBS.uexp" 780
"C:/Users/Miranda/Documents/GitHub/D3Detetive/d3Detetive/d3Detetive/Content/Mannequin/Animations/ThirdPerson_AnimBP.uasset" 781
"C:/Users/Miranda/Documents/GitHub/D3Detetive/d3Detetive/d3Detetive/Content/Mannequin/Animations/ThirdPerson_AnimBP.uexp" 782
"C:/Users/Miranda/Documents/GitHub/D3Detetive/d3Detetive/d3Detetive/Content/inventorySistem/itens/itemStruct.uasset" 783
"C:/Users/Miranda/Documents/GitHub/D3Detetive/d3Detetive/d3Detetive/Content/inventorySistem/itens/itemStruct.uexp" 784
"C:/Users/Miranda/Documents/GitHub/D3Detetive/d3Detetive/d3Detetive/Content/inventorySistem/itens/slotStruct.uasset" 785
"C:/Users/Miranda/Documents/GitHub/D3Detetive/d3Detetive/d3Detetive/Content/inventorySistem/itens/slotStruct.uexp" 786
"C:/Users/Miranda/Documents/GitHub/D3Detetive/d3Detetive/d3Detetive/Content/inventorySistem/interact.uasset" 787
"C:/Users/Miranda/Documents/GitHub/D3Detetive/d3Detetive/d3Detetive/Content/inventorySistem/interact.uexp" 788
"C:/Users/Miranda/Documents/GitHub/D3Detetive/d3Detetive/d3Detetive/Content/inventorySistem/itens/itemMaster.uasset" 789
"C:/Users/Miranda/Documents/GitHub/D3Detetive/d3Detetive/d3Detetive/Content/inventorySistem/itens/itemMaster.uexp" 790
"C:/Users/Miranda/Documents/GitHub/D3Detetive/d3Detetive/d3Detetive/Content/inventorySistem/UI/inventorySlot.uasset" 791
"C:/Users/Miranda/Documents/GitHub/D3Detetive/d3Detetive/d3Detetive/Content/inventorySistem/UI/inventorySlot.uexp" 792
"C:/Users/Miranda/Documents/GitHub/D3Detetive/d3Detetive/d3Detetive/Content/inventorySistem/UI/windowInventory.uasset" 793
"C:/Users/Miranda/Documents/GitHub/D3Detetive/d3Detetive/d3Detetive/Content/inventorySistem/UI/windowInventory.uexp" 794
"C:/Users/Miranda/Documents/GitHub/D3Detetive/d3Detetive/d3Detetive/Content/inventorySistem/UI/mainHUD.uasset" 795
"C:/Users/Miranda/Documents/GitHub/D3Detetive/d3Detetive/d3Detetive/Content/inventorySistem/UI/mainHUD.uexp" 796
"C:/Users/Miranda/Documents/GitHub/D3Detetive/d3Detetive/d3Detetive/Content/ThirdPersonBP/Blueprints/ThirdPersonGameMode.uasset" 797
"C:/Users/Miranda/Documents/GitHub/D3Detetive/d3Detetive/d3Detetive/Content/ThirdPersonBP/Blueprints/ThirdPersonGameMode.uexp" 798
"C:/Users/Miranda/Documents/GitHub/D3Detetive/d3Detetive/d3Detetive/Content/inventorySistem/inventoryComponent.uasset" 799
"C:/Users/Miranda/Documents/GitHub/D3Detetive/d3Detetive/d3Detetive/Content/inventorySistem/inventoryComponent.uexp" 800
"C:/Users/Miranda/Documents/GitHub/D3Detetive/d3Detetive/d3Detetive/Content/ThirdPersonBP/Blueprints/ThirdPersonCharacter.uasset" 801
"C:/Users/Miranda/Documents/GitHub/D3Detetive/d3Detetive/d3Detetive/Content/ThirdPersonBP/Blueprints/ThirdPersonCharacter.uexp" 802
"C:/Users/Miranda/Documents/GitHub/D3Detetive/d3Detetive/d3Detetive/Content/Gothic_Interior/Environment/MasterMaterial/Texture/Checker/checker.uasset" 803
"C:/Users/Miranda/Documents/GitHub/D3Detetive/d3Detetive/d3Detetive/Content/Gothic_Interior/Environment/MasterMaterial/Texture/Checker/checker.uexp" 804
"C:/Users/Miranda/Documents/GitHub/D3Detetive/d3Detetive/d3Detetive/Content/inventorySistem/itens/item01.uasset" 805
"C:/Users/Miranda/Documents/GitHub/D3Detetive/d3Detetive/d3Detetive/Content/inventorySistem/itens/item01.uexp" 806
"../../../Engine/Content/BasicShapes/Cube.uasset" 807
"../../../Engine/Content/BasicShapes/Cube.uexp" 808
"../../../Engine/Content/EngineSky/M_Sky_Panning_Clouds2.uasset" 809
"../../../Engine/Content/EngineSky/M_Sky_Panning_Clouds2.uexp" 810
"../../../Engine/Content/BasicShapes/BasicShapeMaterial.uasset" 811
"../../../Engine/Content/BasicShapes/BasicShapeMaterial.uexp" 812
"../../../Engine/Content/EngineSky/SM_SkySphere.uasset" 813
"../../../Engine/Content/EngineSky/SM_SkySphere.uexp" 814
"../../../Engine/Content/EngineSky/C_Sky_Zenith_Color.uasset" 815
"../../../Engine/Content/EngineSky/C_Sky_Zenith_Color.uexp" 816
"../../../Engine/Content/EngineSky/C_Sky_Horizon_Color.uasset" 817
"../../../Engine/Content/EngineSky/C_Sky_Horizon_Color.uexp" 818
"../../../Engine/Content/EngineSky/C_Sky_Cloud_Color.uasset" 819
"../../../Engine/Content/EngineSky/C_Sky_Cloud_Color.uexp" 820
"../../../Engine/Content/EngineSky/BP_Sky_Sphere.uasset" 821
"../../../Engine/Content/EngineSky/BP_Sky_Sphere.uexp" 822
"C:/Users/Miranda/Documents/GitHub/D3Detetive/d3Detetive/d3Detetive/Content/Geometry/Meshes/TemplateFloor.uasset" 823
"C:/Users/Miranda/Documents/GitHub/D3Detetive/d3Detetive/d3Detetive/Content/Geometry/Meshes/TemplateFloor.uexp" 824
"C:/Users/Miranda/Documents/GitHub/D3Detetive/d3Detetive/d3Detetive/Content/Geometry/Meshes/1M_Cube_Chamfer.uasset" 825
"C:/Users/Miranda/Documents/GitHub/D3Detetive/d3Detetive/d3Detetive/Content/Geometry/Meshes/1M_Cube_Chamfer.uexp" 826
"C:/Users/Miranda/Documents/GitHub/D3Detetive/d3Detetive/d3Detetive/Content/ThirdPersonBP/Maps/ThirdPersonExampleMap.uexp" 827
"C:/Users/Miranda/Documents/GitHub/D3Detetive/d3Detetive/d3Detetive/Content/ThirdPersonBP/Maps/ThirdPersonExampleMap.umap" 828
"../../../Engine/Content/Maps/Entry_BuiltData.uasset" 829
"../../../Engine/Content/Maps/Entry_BuiltData.uexp" 830
"../../../Engine/Content/Maps/Entry.uexp" 831
"../../../Engine/Content/Maps/Entry.umap" 832
